iteration # 0
-0.320613845969
-7.20477829958e-13
-6.51433106954e-13
-2.50120079471e-14
-1.1960156872e-14
-4.81371282702e-16
-8.11254908749e-52
-6.76262457686e-65
-2.42110525997e-112
-2.40318974603e-127
iteration # 1
-0.320613845969
-7.20477829958e-13
-6.51433106954e-13
-2.50120079471e-14
-1.1960156872e-14
-3.43803818244e-15
-4.81371282702e-16
-4.30866070001e-21
-8.11254908749e-52
-6.76262457686e-65
iteration # 2
-0.320613845969
-3.66689645983e-05
-7.20477829958e-13
-6.51433106954e-13
-6.02386031475e-14
-2.50120079471e-14
-1.1960156872e-14
-3.43803818244e-15
-3.15354962985e-15
-4.81371282702e-16
iteration # 3
-0.320613845969
-0.0158698231451
-3.66689645983e-05
-1.11223792729e-06
-7.20477829958e-13
-6.51433106954e-13
-6.02386031475e-14
-2.50120079471e-14
-1.1960156872e-14
-3.43803818244e-15
iteration # 4
-0.320613845969
-0.129882130827
-0.0158698231451
-3.66689645983e-05
-1.11223792729e-06
-7.20477829958e-13
-6.51433106954e-13
-6.02386031475e-14
-2.50120079471e-14
-1.1960156872e-14
iteration # 5
-0.320613845969
-0.129882130827
-0.0764752739495
-0.0530164408554
-0.0158698231451
-3.66689645983e-05
-1.11223792729e-06
-7.20477829958e-13
-6.51433106954e-13
-6.02386031475e-14
iteration # 6
-0.998556543085
-0.320613845969
-0.213438379524
-0.129882130827
-0.0764752739495
-0.0530164408554
-0.0158698231451
-3.66689645983e-05
-1.11223792729e-06
-7.20477829958e-13
iteration # 7
-0.998556543085
-0.358297617667
-0.320613845969
-0.213438379524
-0.183180417292
-0.1564554364
-0.129882130827
-0.105021596861
-0.0764752739495
-0.0530164408554
iteration # 8
-0.998556543085
-0.771507944605
-0.358297617667
-0.320613845969
-0.213438379524
-0.183180417292
-0.1564554364
-0.140487378889
-0.129882130827
-0.105021596861
iteration # 9
-0.998556543085
-0.771507944605
-0.607976719792
-0.358297617667
-0.334639942692
-0.320613845969
-0.243621709394
-0.213438379524
-0.183180417292
-0.1564554364
iteration # 10
-0.998556543085
-0.771507944605
-0.607976719792
-0.358297617667
-0.334639942692
-0.320613845969
-0.243621709394
-0.213438379524
-0.191851680388
-0.183180417292
iteration # 11
-0.998556543085
-0.771507944605
-0.607976719792
-0.468273501495
-0.358297617667
-0.334639942692
-0.320613845969
-0.243621709394
-0.213438379524
-0.191851680388
iteration # 12
-0.998556543085
-0.771507944605
-0.607976719792
-0.57625606905
-0.468273501495
-0.358297617667
-0.334639942692
-0.320613845969
-0.300827371464
-0.243621709394
iteration # 13
-0.998556543085
-0.771507944605
-0.607976719792
-0.57625606905
-0.468273501495
-0.358297617667
-0.334639942692
-0.320613845969
-0.300827371464
-0.278038792342
iteration # 14
-0.998556543085
-0.790865023354
-0.771507944605
-0.713769103727
-0.607976719792
-0.57625606905
-0.468273501495
-0.375394325818
-0.358297617667
-0.334639942692
iteration # 15
-0.998556543085
-0.998482564321
-0.921629126953
-0.790865023354
-0.771507944605
-0.765790525048
-0.713769103727
-0.607976719792
-0.57625606905
-0.468273501495
iteration # 16
-0.998556543085
-0.998482564321
-0.921629126953
-0.790865023354
-0.771507944605
-0.765790525048
-0.713769103727
-0.655248860905
-0.607976719792
-0.57625606905
iteration # 17
-0.998556543085
-0.998482564321
-0.981899345973
-0.921629126953
-0.790865023354
-0.771507944605
-0.765790525048
-0.713769103727
-0.655248860905
-0.607976719792
iteration # 18
-0.998556543085
-0.998482564321
-0.981899345973
-0.921629126953
-0.790865023354
-0.771507944605
-0.765790525048
-0.713769103727
-0.655248860905
-0.607976719792
iteration # 19
-0.998784092693
-0.998556543085
-0.998482564321
-0.981899345973
-0.921629126953
-0.790865023354
-0.771507944605
-0.765790525048
-0.713769103727
-0.655248860905
iteration # 20
-0.998784092693
-0.998556543085
-0.998482564321
-0.981899345973
-0.921629126953
-0.790865023354
-0.771507944605
-0.765790525048
-0.713769103727
-0.655248860905
iteration # 21
-0.998784092693
-0.998556543085
-0.998482564321
-0.981899345973
-0.921629126953
-0.82890800177
-0.790865023354
-0.789801120572
-0.771507944605
-0.765790525048
iteration # 22
-0.998784092693
-0.998556543085
-0.998482564321
-0.981899345973
-0.959615363105
-0.921629126953
-0.82890800177
-0.790865023354
-0.789801120572
-0.771507944605
iteration # 23
-0.998784092693
-0.998556543085
-0.998482564321
-0.981899345973
-0.959615363105
-0.921629126953
-0.82890800177
-0.790865023354
-0.789801120572
-0.771507944605
iteration # 24
-0.998784092693
-0.998556543085
-0.998482564321
-0.981899345973
-0.959615363105
-0.921629126953
-0.82890800177
-0.790865023354
-0.789801120572
-0.771507944605
iteration # 25
-0.998784092693
-0.998556543085
-0.998482564321
-0.983307241133
-0.981899345973
-0.959615363105
-0.921629126953
-0.82890800177
-0.790865023354
-0.789801120572
iteration # 26
-0.998784092693
-0.998556543085
-0.998482564321
-0.983307241133
-0.981899345973
-0.959615363105
-0.921629126953
-0.82890800177
-0.790865023354
-0.789801120572
iteration # 27
-0.998784092693
-0.998556543085
-0.998482564321
-0.983307241133
-0.981899345973
-0.959615363105
-0.921629126953
-0.82890800177
-0.790865023354
-0.789801120572
iteration # 28
-0.998784092693
-0.998556543085
-0.998482564321
-0.983307241133
-0.981899345973
-0.959615363105
-0.941407677259
-0.921629126953
-0.82890800177
-0.790865023354
iteration # 29
-0.998784092693
-0.998556543085
-0.998482564321
-0.983307241133
-0.981899345973
-0.959615363105
-0.941407677259
-0.921629126953
-0.82890800177
-0.790865023354
iteration # 30
-0.998784092693
-0.998556543085
-0.998482564321
-0.983307241133
-0.981899345973
-0.959615363105
-0.941407677259
-0.921629126953
-0.82890800177
-0.810105485308
iteration # 31
-0.998784092693
-0.998556543085
-0.998482564321
-0.983307241133
-0.981899345973
-0.959615363105
-0.941407677259
-0.935018259871
-0.921629126953
-0.82890800177
iteration # 32
-0.998784092693
-0.998556543085
-0.998482564321
-0.983307241133
-0.981899345973
-0.959615363105
-0.941407677259
-0.936734245874
-0.935018259871
-0.921629126953
iteration # 33
-0.998784092693
-0.998556543085
-0.998482564321
-0.993081602743
-0.983307241133
-0.981899345973
-0.959615363105
-0.941407677259
-0.936734245874
-0.935018259871
iteration # 34
-0.998784092693
-0.998556543085
-0.998482564321
-0.993081602743
-0.983307241133
-0.981899345973
-0.959615363105
-0.941407677259
-0.936734245874
-0.935018259871
iteration # 35
-0.998784092693
-0.998556543085
-0.998482564321
-0.993081602743
-0.983307241133
-0.981899345973
-0.959615363105
-0.941407677259
-0.936734245874
-0.935018259871
iteration # 36
-0.998784092693
-0.998556543085
-0.998482564321
-0.993081602743
-0.983307241133
-0.981899345973
-0.959615363105
-0.941407677259
-0.936734245874
-0.935018259871
iteration # 37
-0.998784092693
-0.998556543085
-0.998482564321
-0.993081602743
-0.983307241133
-0.981899345973
-0.959615363105
-0.941407677259
-0.936734245874
-0.935018259871
iteration # 38
-0.998784092693
-0.998556543085
-0.998482564321
-0.993081602743
-0.990054209572
-0.983307241133
-0.981899345973
-0.959615363105
-0.941407677259
-0.936734245874
iteration # 39
-0.998784092693
-0.998556543085
-0.998482564321
-0.993081602743
-0.990054209572
-0.983307241133
-0.981899345973
-0.959615363105
-0.941407677259
-0.936734245874
iteration # 40
-0.998784092693
-0.998556543085
-0.998482564321
-0.993081602743
-0.990054209572
-0.983307241133
-0.981899345973
-0.959615363105
-0.941407677259
-0.936734245874
iteration # 41
-0.998784092693
-0.998556543085
-0.998482564321
-0.993081602743
-0.990054209572
-0.983307241133
-0.981899345973
-0.959615363105
-0.941407677259
-0.936734245874
iteration # 42
-0.998784092693
-0.998556543085
-0.998482564321
-0.993081602743
-0.990054209572
-0.983307241133
-0.981899345973
-0.959615363105
-0.941407677259
-0.936734245874
iteration # 43
-0.998784092693
-0.998556543085
-0.998482564321
-0.993081602743
-0.990054209572
-0.983307241133
-0.981899345973
-0.959615363105
-0.941407677259
-0.936734245874
iteration # 44
-0.998784092693
-0.998556543085
-0.998482564321
-0.993081602743
-0.990054209572
-0.983307241133
-0.981899345973
-0.959615363105
-0.958782053822
-0.941407677259
iteration # 45
-0.998784092693
-0.998556543085
-0.998482564321
-0.993081602743
-0.990054209572
-0.983307241133
-0.981899345973
-0.959615363105
-0.958782053822
-0.941407677259
iteration # 46
-0.998784092693
-0.998556543085
-0.998482564321
-0.994247433024
-0.993081602743
-0.990054209572
-0.983307241133
-0.981899345973
-0.959615363105
-0.958782053822
iteration # 47
-0.998784092693
-0.998556543085
-0.998482564321
-0.994247433024
-0.993081602743
-0.990054209572
-0.983307241133
-0.981899345973
-0.959615363105
-0.958782053822
iteration # 48
-0.998784092693
-0.998556543085
-0.998482564321
-0.994247433024
-0.993081602743
-0.990054209572
-0.983307241133
-0.981899345973
-0.959615363105
-0.958782053822
iteration # 49
-0.999973530702
-0.998784092693
-0.998556543085
-0.998482564321
-0.994247433024
-0.993081602743
-0.990054209572
-0.983307241133
-0.981899345973
-0.959615363105
iteration # 50
-0.999973530702
-0.998784092693
-0.998556543085
-0.998482564321
-0.994247433024
-0.993081602743
-0.990054209572
-0.983307241133
-0.981899345973
-0.959615363105
iteration # 51
-0.999973530702
-0.998784092693
-0.998556543085
-0.998482564321
-0.994247433024
-0.993081602743
-0.990054209572
-0.983307241133
-0.981899345973
-0.959615363105
iteration # 52
-0.999973530702
-0.998784092693
-0.998556543085
-0.998482564321
-0.994247433024
-0.993081602743
-0.990054209572
-0.983307241133
-0.981899345973
-0.959615363105
iteration # 53
-0.999973530702
-0.998784092693
-0.998556543085
-0.998482564321
-0.994247433024
-0.993081602743
-0.990054209572
-0.983307241133
-0.981899345973
-0.959615363105
iteration # 54
-0.999973530702
-0.998784092693
-0.998556543085
-0.998482564321
-0.994247433024
-0.993081602743
-0.990054209572
-0.983307241133
-0.981899345973
-0.981038642521
iteration # 55
-0.999973530702
-0.998784092693
-0.998556543085
-0.998482564321
-0.994247433024
-0.993081602743
-0.990054209572
-0.983307241133
-0.981899345973
-0.981038642521
iteration # 56
-0.999973530702
-0.998784092693
-0.998556543085
-0.998482564321
-0.994247433024
-0.993081602743
-0.990054209572
-0.984318396919
-0.983307241133
-0.981899345973
iteration # 57
-0.999973530702
-0.999201294969
-0.998784092693
-0.998556543085
-0.998482564321
-0.994247433024
-0.993081602743
-0.990054209572
-0.984318396919
-0.983307241133
iteration # 58
-0.999973530702
-0.999201294969
-0.998784092693
-0.998556543085
-0.998482564321
-0.994247433024
-0.993081602743
-0.990054209572
-0.984318396919
-0.983307241133
iteration # 59
-0.999973530702
-0.999201294969
-0.998784092693
-0.998556543085
-0.998482564321
-0.994247433024
-0.993081602743
-0.990054209572
-0.984318396919
-0.983307241133
iteration # 60
-0.999973530702
-0.999201294969
-0.998784092693
-0.998556543085
-0.998482564321
-0.994247433024
-0.993081602743
-0.990054209572
-0.984318396919
-0.983307241133
iteration # 61
-0.999973530702
-0.999201294969
-0.998784092693
-0.998556543085
-0.998482564321
-0.994247433024
-0.993081602743
-0.990054209572
-0.984318396919
-0.983307241133
iteration # 62
-0.999973530702
-0.999201294969
-0.998784092693
-0.998556543085
-0.998482564321
-0.994247433024
-0.993081602743
-0.990054209572
-0.984318396919
-0.983307241133
iteration # 63
-0.999973530702
-0.999201294969
-0.998784092693
-0.998556543085
-0.998482564321
-0.994247433024
-0.993081602743
-0.990054209572
-0.984318396919
-0.983307241133
iteration # 64
-0.999973530702
-0.999201294969
-0.998784092693
-0.998556543085
-0.998482564321
-0.994247433024
-0.993081602743
-0.990054209572
-0.984318396919
-0.983307241133
iteration # 65
-0.999973530702
-0.999201294969
-0.998784092693
-0.998556543085
-0.998482564321
-0.994247433024
-0.993081602743
-0.990054209572
-0.984318396919
-0.983307241133
iteration # 66
-0.999973530702
-0.999201294969
-0.998784092693
-0.998556543085
-0.998482564321
-0.994247433024
-0.993081602743
-0.990054209572
-0.984318396919
-0.983307241133
iteration # 67
-0.999973530702
-0.999201294969
-0.998784092693
-0.998556543085
-0.998482564321
-0.994247433024
-0.993081602743
-0.990054209572
-0.984318396919
-0.983307241133
iteration # 68
-0.999973530702
-0.999201294969
-0.998784092693
-0.998556543085
-0.998482564321
-0.994247433024
-0.993081602743
-0.990054209572
-0.984318396919
-0.983307241133
iteration # 69
-0.999973530702
-0.999201294969
-0.998784092693
-0.998556543085
-0.998482564321
-0.994247433024
-0.993081602743
-0.990054209572
-0.984318396919
-0.983307241133
iteration # 70
-0.999973530702
-0.999201294969
-0.998784092693
-0.998556543085
-0.998482564321
-0.994247433024
-0.993081602743
-0.990054209572
-0.984318396919
-0.983307241133
iteration # 71
-0.999973530702
-0.999201294969
-0.998784092693
-0.998556543085
-0.998482564321
-0.994247433024
-0.993081602743
-0.990054209572
-0.984327164459
-0.984318396919
iteration # 72
-0.999973530702
-0.999201294969
-0.998784092693
-0.998556543085
-0.998482564321
-0.994247433024
-0.993081602743
-0.990054209572
-0.984327164459
-0.984318396919
iteration # 73
-0.999973530702
-0.999201294969
-0.998784092693
-0.998556543085
-0.998482564321
-0.994247433024
-0.993081602743
-0.990054209572
-0.984327164459
-0.984318396919
iteration # 74
-0.999973530702
-0.999201294969
-0.998784092693
-0.998556543085
-0.998482564321
-0.994247433024
-0.993081602743
-0.990054209572
-0.984327164459
-0.984318396919
iteration # 75
-0.999973530702
-0.999201294969
-0.998784092693
-0.998556543085
-0.998482564321
-0.994247433024
-0.993081602743
-0.990054209572
-0.984327164459
-0.984318396919
iteration # 76
-0.999973530702
-0.999201294969
-0.998784092693
-0.998556543085
-0.998482564321
-0.994247433024
-0.993081602743
-0.990054209572
-0.984327164459
-0.984318396919
iteration # 77
-0.999973530702
-0.999201294969
-0.998784092693
-0.998556543085
-0.998482564321
-0.994247433024
-0.993081602743
-0.990054209572
-0.984327164459
-0.984318396919
iteration # 78
-0.999973530702
-0.999201294969
-0.998784092693
-0.998556543085
-0.998482564321
-0.994247433024
-0.993081602743
-0.990054209572
-0.984327164459
-0.984318396919
iteration # 79
-0.999973530702
-0.999201294969
-0.998784092693
-0.998556543085
-0.998482564321
-0.994247433024
-0.993081602743
-0.990054209572
-0.984327164459
-0.984318396919
iteration # 80
-0.999973530702
-0.999201294969
-0.998784092693
-0.998556543085
-0.998482564321
-0.994247433024
-0.993081602743
-0.990054209572
-0.984327164459
-0.984318396919
iteration # 81
-0.999973530702
-0.999201294969
-0.998784092693
-0.998556543085
-0.998482564321
-0.994247433024
-0.993081602743
-0.990054209572
-0.984327164459
-0.984318396919
iteration # 82
-0.999973530702
-0.999201294969
-0.998784092693
-0.998556543085
-0.998482564321
-0.994247433024
-0.993081602743
-0.990054209572
-0.984327164459
-0.984318396919
iteration # 83
-0.999973530702
-0.999201294969
-0.998784092693
-0.998556543085
-0.998482564321
-0.994247433024
-0.993081602743
-0.990054209572
-0.984327164459
-0.984318396919
iteration # 84
-0.999973530702
-0.999201294969
-0.998784092693
-0.998556543085
-0.998482564321
-0.994247433024
-0.993081602743
-0.990054209572
-0.984327164459
-0.984318396919
iteration # 85
-0.999973530702
-0.999201294969
-0.998784092693
-0.998556543085
-0.998482564321
-0.994247433024
-0.993081602743
-0.990054209572
-0.988882957953
-0.984327164459
iteration # 86
-0.999973530702
-0.999201294969
-0.998784092693
-0.998556543085
-0.998482564321
-0.994247433024
-0.993081602743
-0.990054209572
-0.988882957953
-0.984327164459
iteration # 87
-0.999973530702
-0.999201294969
-0.998784092693
-0.998556543085
-0.998482564321
-0.994247433024
-0.993081602743
-0.990054209572
-0.988882957953
-0.984327164459
iteration # 88
-0.999973530702
-0.999201294969
-0.998784092693
-0.998556543085
-0.998482564321
-0.997179158723
-0.994247433024
-0.993081602743
-0.990054209572
-0.988882957953
iteration # 89
-0.999973530702
-0.999201294969
-0.998784092693
-0.998556543085
-0.998482564321
-0.997179158723
-0.994247433024
-0.993081602743
-0.990054209572
-0.988882957953
iteration # 90
-0.999973530702
-0.999201294969
-0.998784092693
-0.998556543085
-0.998482564321
-0.997179158723
-0.994247433024
-0.993081602743
-0.990054209572
-0.988882957953
iteration # 91
-0.999973530702
-0.999201294969
-0.998784092693
-0.998556543085
-0.998482564321
-0.997179158723
-0.994247433024
-0.993081602743
-0.990054209572
-0.988882957953
iteration # 92
-0.999973530702
-0.999201294969
-0.998784092693
-0.998556543085
-0.998482564321
-0.997179158723
-0.994247433024
-0.993081602743
-0.990054209572
-0.988882957953
iteration # 93
-0.999973530702
-0.999201294969
-0.998784092693
-0.998556543085
-0.998482564321
-0.997179158723
-0.994247433024
-0.993081602743
-0.990054209572
-0.988882957953
iteration # 94
-0.999973530702
-0.999201294969
-0.998784092693
-0.998556543085
-0.998482564321
-0.997179158723
-0.994247433024
-0.993081602743
-0.990054209572
-0.988882957953
iteration # 95
-0.999973530702
-0.999201294969
-0.998784092693
-0.998556543085
-0.998482564321
-0.997179158723
-0.994247433024
-0.993081602743
-0.990054209572
-0.988882957953
iteration # 96
-0.999973530702
-0.999201294969
-0.998784092693
-0.998556543085
-0.998482564321
-0.997179158723
-0.994247433024
-0.993081602743
-0.990054209572
-0.988882957953
iteration # 97
-0.999973530702
-0.999201294969
-0.998784092693
-0.998556543085
-0.998482564321
-0.997179158723
-0.994247433024
-0.993081602743
-0.990054209572
-0.988882957953
iteration # 98
-0.999973530702
-0.999201294969
-0.998784092693
-0.998556543085
-0.998482564321
-0.997179158723
-0.994247433024
-0.993081602743
-0.990054209572
-0.988882957953
iteration # 99
-0.999973530702
-0.999201294969
-0.998784092693
-0.998556543085
-0.998482564321
-0.997179158723
-0.994247433024
-0.993081602743
-0.990054209572
-0.988882957953
iteration # 100
-0.999973530702
-0.999201294969
-0.998784092693
-0.998556543085
-0.998482564321
-0.997179158723
-0.994247433024
-0.993081602743
-0.990054209572
-0.988882957953
iteration # 101
-0.999973530702
-0.999201294969
-0.998784092693
-0.998556543085
-0.998482564321
-0.997179158723
-0.994247433024
-0.993081602743
-0.990054209572
-0.988882957953
iteration # 102
-0.999973530702
-0.999201294969
-0.998784092693
-0.998556543085
-0.998482564321
-0.997179158723
-0.994247433024
-0.993081602743
-0.990054209572
-0.988882957953
iteration # 103
-0.999973530702
-0.999201294969
-0.998784092693
-0.998556543085
-0.998482564321
-0.997179158723
-0.994247433024
-0.993081602743
-0.990054209572
-0.988882957953
iteration # 104
-0.999973530702
-0.999201294969
-0.998784092693
-0.998556543085
-0.998482564321
-0.997179158723
-0.994247433024
-0.993081602743
-0.990054209572
-0.988882957953
iteration # 105
-0.999973530702
-0.999201294969
-0.998784092693
-0.998556543085
-0.998482564321
-0.997179158723
-0.994247433024
-0.993081602743
-0.990054209572
-0.988882957953
iteration # 106
-0.999973530702
-0.999201294969
-0.998784092693
-0.998556543085
-0.998482564321
-0.997179158723
-0.994247433024
-0.993081602743
-0.990054209572
-0.988882957953
iteration # 107
-0.999973530702
-0.999201294969
-0.998784092693
-0.998556543085
-0.998482564321
-0.997179158723
-0.994247433024
-0.993081602743
-0.990054209572
-0.988882957953
iteration # 108
-0.999973530702
-0.999201294969
-0.998784092693
-0.998556543085
-0.998482564321
-0.997179158723
-0.994247433024
-0.993081602743
-0.990054209572
-0.988882957953
iteration # 109
-0.999973530702
-0.999201294969
-0.998784092693
-0.998556543085
-0.998482564321
-0.997179158723
-0.994247433024
-0.993081602743
-0.990054209572
-0.988882957953
iteration # 110
-0.999973530702
-0.999201294969
-0.998784092693
-0.998556543085
-0.998482564321
-0.997179158723
-0.994247433024
-0.993081602743
-0.990054209572
-0.988882957953
iteration # 111
-0.999973530702
-0.999201294969
-0.998784092693
-0.998556543085
-0.998482564321
-0.997179158723
-0.994247433024
-0.993081602743
-0.990054209572
-0.988882957953
iteration # 112
-0.999973530702
-0.999201294969
-0.998784092693
-0.998556543085
-0.998482564321
-0.997179158723
-0.994247433024
-0.993081602743
-0.990054209572
-0.988882957953
iteration # 113
-0.999973530702
-0.999201294969
-0.998784092693
-0.998556543085
-0.998482564321
-0.997179158723
-0.994247433024
-0.993081602743
-0.990054209572
-0.988882957953
iteration # 114
-0.999973530702
-0.999201294969
-0.998784092693
-0.998556543085
-0.998482564321
-0.997179158723
-0.994247433024
-0.993081602743
-0.990054209572
-0.988882957953
iteration # 115
-0.999973530702
-0.999201294969
-0.998784092693
-0.998556543085
-0.998482564321
-0.997179158723
-0.994247433024
-0.993081602743
-0.990054209572
-0.988882957953
iteration # 116
-0.999973530702
-0.999201294969
-0.99914122383
-0.998784092693
-0.998556543085
-0.998482564321
-0.997179158723
-0.994247433024
-0.993081602743
-0.990054209572
iteration # 117
-0.999973530702
-0.999201294969
-0.99914122383
-0.998784092693
-0.998556543085
-0.998482564321
-0.997179158723
-0.994247433024
-0.993081602743
-0.990054209572
iteration # 118
-0.999973530702
-0.999201294969
-0.99914122383
-0.998784092693
-0.998556543085
-0.998482564321
-0.997179158723
-0.994247433024
-0.993081602743
-0.990054209572
iteration # 119
-0.999973530702
-0.999201294969
-0.99914122383
-0.998784092693
-0.998556543085
-0.998482564321
-0.997179158723
-0.994247433024
-0.993081602743
-0.991271866564
iteration # 120
-0.999973530702
-0.999201294969
-0.99914122383
-0.998784092693
-0.998556543085
-0.998482564321
-0.997179158723
-0.994247433024
-0.993081602743
-0.991271866564
iteration # 121
-0.999973530702
-0.999201294969
-0.99914122383
-0.998784092693
-0.998556543085
-0.998482564321
-0.997179158723
-0.994247433024
-0.993081602743
-0.991271866564
iteration # 122
-0.999973530702
-0.999201294969
-0.99914122383
-0.998784092693
-0.998556543085
-0.998482564321
-0.997179158723
-0.994247433024
-0.993081602743
-0.991271866564
iteration # 123
-0.999973530702
-0.999201294969
-0.99914122383
-0.998784092693
-0.998556543085
-0.998482564321
-0.997179158723
-0.994247433024
-0.993081602743
-0.991271866564
iteration # 124
-0.999973530702
-0.999201294969
-0.99914122383
-0.998784092693
-0.998556543085
-0.998482564321
-0.997179158723
-0.994247433024
-0.993081602743
-0.991271866564
iteration # 125
-0.999973530702
-0.999201294969
-0.99914122383
-0.998784092693
-0.998556543085
-0.998482564321
-0.997179158723
-0.994247433024
-0.993081602743
-0.991271866564
iteration # 126
-0.999973530702
-0.999201294969
-0.99914122383
-0.998784092693
-0.998556543085
-0.998482564321
-0.997179158723
-0.994247433024
-0.993081602743
-0.991271866564
iteration # 127
-0.999973530702
-0.999201294969
-0.99914122383
-0.998784092693
-0.998556543085
-0.998482564321
-0.997179158723
-0.994247433024
-0.993081602743
-0.991271866564
iteration # 128
-0.999973530702
-0.999201294969
-0.99914122383
-0.998784092693
-0.998556543085
-0.998482564321
-0.997179158723
-0.994247433024
-0.993081602743
-0.991271866564
iteration # 129
-0.999973530702
-0.999201294969
-0.99914122383
-0.998784092693
-0.998556543085
-0.998482564321
-0.997475026114
-0.997179158723
-0.994247433024
-0.993081602743
iteration # 130
-0.999973530702
-0.999201294969
-0.99914122383
-0.998784092693
-0.998556543085
-0.998482564321
-0.997475026114
-0.997179158723
-0.994247433024
-0.993081602743
iteration # 131
-0.999973530702
-0.999201294969
-0.99914122383
-0.998784092693
-0.998556543085
-0.998482564321
-0.997475026114
-0.997179158723
-0.995559565442
-0.994247433024
iteration # 132
-0.999973530702
-0.999201294969
-0.99914122383
-0.998784092693
-0.998556543085
-0.998482564321
-0.997475026114
-0.997179158723
-0.995559565442
-0.994247433024
iteration # 133
-0.999973530702
-0.999201294969
-0.99914122383
-0.998784092693
-0.998556543085
-0.998482564321
-0.997475026114
-0.997179158723
-0.995559565442
-0.994247433024
iteration # 134
-0.999973530702
-0.999201294969
-0.99914122383
-0.998784092693
-0.998556543085
-0.998482564321
-0.997475026114
-0.997179158723
-0.995559565442
-0.994247433024
iteration # 135
-0.999973530702
-0.999201294969
-0.99914122383
-0.998784092693
-0.998556543085
-0.998482564321
-0.997475026114
-0.997179158723
-0.995559565442
-0.994247433024
iteration # 136
-0.999973530702
-0.999201294969
-0.99914122383
-0.998784092693
-0.998556543085
-0.998482564321
-0.997475026114
-0.997179158723
-0.995559565442
-0.994247433024
iteration # 137
-0.999973530702
-0.999201294969
-0.99914122383
-0.998784092693
-0.998556543085
-0.998482564321
-0.997475026114
-0.997179158723
-0.995559565442
-0.994247433024
iteration # 138
-0.999973530702
-0.999201294969
-0.99914122383
-0.998784092693
-0.998556543085
-0.998482564321
-0.997475026114
-0.997179158723
-0.995559565442
-0.994247433024
iteration # 139
-0.999973530702
-0.999201294969
-0.99914122383
-0.998784092693
-0.998556543085
-0.998482564321
-0.997475026114
-0.997179158723
-0.995559565442
-0.994247433024
iteration # 140
-0.999973530702
-0.999201294969
-0.99914122383
-0.998784092693
-0.998556543085
-0.998482564321
-0.997475026114
-0.997179158723
-0.995559565442
-0.994247433024
iteration # 141
-0.999973530702
-0.999201294969
-0.99914122383
-0.998784092693
-0.998556543085
-0.998482564321
-0.997475026114
-0.997179158723
-0.995559565442
-0.994247433024
iteration # 142
-0.999973530702
-0.999201294969
-0.99914122383
-0.998784092693
-0.998556543085
-0.998482564321
-0.997475026114
-0.997179158723
-0.995559565442
-0.994247433024
iteration # 143
-0.999973530702
-0.999201294969
-0.99914122383
-0.998784092693
-0.998556543085
-0.998482564321
-0.997475026114
-0.997179158723
-0.995559565442
-0.994247433024
iteration # 144
-0.999973530702
-0.999201294969
-0.99914122383
-0.998784092693
-0.998556543085
-0.998482564321
-0.997475026114
-0.997179158723
-0.995559565442
-0.994247433024
iteration # 145
-0.999973530702
-0.999201294969
-0.99914122383
-0.998784092693
-0.998556543085
-0.998482564321
-0.997475026114
-0.997179158723
-0.995559565442
-0.994247433024
iteration # 146
-0.999973530702
-0.999201294969
-0.99914122383
-0.998784092693
-0.998556543085
-0.998482564321
-0.997475026114
-0.997179158723
-0.995559565442
-0.994247433024
iteration # 147
-0.999973530702
-0.999201294969
-0.99914122383
-0.998784092693
-0.998556543085
-0.998482564321
-0.997475026114
-0.997179158723
-0.995559565442
-0.994247433024
iteration # 148
-0.999973530702
-0.999201294969
-0.99914122383
-0.998784092693
-0.998556543085
-0.998482564321
-0.997475026114
-0.997179158723
-0.995559565442
-0.994247433024
iteration # 149
-0.999973530702
-0.999201294969
-0.99914122383
-0.998784092693
-0.998556543085
-0.998482564321
-0.997475026114
-0.997179158723
-0.995559565442
-0.994247433024
iteration # 150
-0.999973530702
-0.999201294969
-0.99914122383
-0.998784092693
-0.998556543085
-0.998482564321
-0.997475026114
-0.997179158723
-0.995559565442
-0.994247433024
iteration # 151
-0.999973530702
-0.999201294969
-0.99914122383
-0.998784092693
-0.998556543085
-0.998482564321
-0.997475026114
-0.997179158723
-0.995559565442
-0.994247433024
iteration # 152
-0.999973530702
-0.999201294969
-0.99914122383
-0.998784092693
-0.998556543085
-0.998482564321
-0.997475026114
-0.997179158723
-0.995559565442
-0.994247433024
iteration # 153
-0.999973530702
-0.999201294969
-0.99914122383
-0.998784092693
-0.998556543085
-0.998482564321
-0.997475026114
-0.997179158723
-0.995559565442
-0.994247433024
iteration # 154
-0.999973530702
-0.999201294969
-0.99914122383
-0.998784092693
-0.998556543085
-0.998482564321
-0.997475026114
-0.997179158723
-0.995559565442
-0.994247433024
iteration # 155
-0.999973530702
-0.999201294969
-0.99914122383
-0.998784092693
-0.998556543085
-0.998482564321
-0.997475026114
-0.997179158723
-0.995559565442
-0.994247433024
iteration # 156
-0.999973530702
-0.999201294969
-0.99914122383
-0.998784092693
-0.998556543085
-0.998482564321
-0.997475026114
-0.997179158723
-0.995559565442
-0.994247433024
iteration # 157
-0.999973530702
-0.999201294969
-0.99914122383
-0.998784092693
-0.998556543085
-0.998482564321
-0.997475026114
-0.997179158723
-0.995559565442
-0.994247433024
iteration # 158
-0.999973530702
-0.999201294969
-0.99914122383
-0.998784092693
-0.998556543085
-0.998482564321
-0.997475026114
-0.997179158723
-0.995559565442
-0.994247433024
iteration # 159
-0.999973530702
-0.999201294969
-0.99914122383
-0.998784092693
-0.998556543085
-0.998482564321
-0.997475026114
-0.997179158723
-0.995559565442
-0.994247433024
iteration # 160
-0.999973530702
-0.999201294969
-0.99914122383
-0.998784092693
-0.998556543085
-0.998482564321
-0.997475026114
-0.997179158723
-0.995559565442
-0.994247433024
iteration # 161
-0.999973530702
-0.999201294969
-0.99914122383
-0.998784092693
-0.998556543085
-0.998482564321
-0.997475026114
-0.997179158723
-0.995559565442
-0.994247433024
iteration # 162
-0.999973530702
-0.999201294969
-0.99914122383
-0.998784092693
-0.998556543085
-0.998482564321
-0.997475026114
-0.997179158723
-0.995559565442
-0.994247433024
iteration # 163
-0.999973530702
-0.999201294969
-0.99914122383
-0.998784092693
-0.998556543085
-0.998482564321
-0.997475026114
-0.997179158723
-0.995559565442
-0.994247433024
iteration # 164
-0.999973530702
-0.999201294969
-0.99914122383
-0.998784092693
-0.998556543085
-0.998482564321
-0.997475026114
-0.997179158723
-0.995559565442
-0.994247433024
iteration # 165
-0.999973530702
-0.999201294969
-0.99914122383
-0.998784092693
-0.998556543085
-0.998482564321
-0.997475026114
-0.997179158723
-0.995559565442
-0.994247433024
iteration # 166
-0.999973530702
-0.999201294969
-0.99914122383
-0.998784092693
-0.998556543085
-0.998482564321
-0.997475026114
-0.997179158723
-0.995559565442
-0.994247433024
iteration # 167
-0.999973530702
-0.999201294969
-0.99914122383
-0.998784092693
-0.998556543085
-0.998482564321
-0.997475026114
-0.997179158723
-0.995559565442
-0.994247433024
iteration # 168
-0.999973530702
-0.999201294969
-0.99914122383
-0.998784092693
-0.998556543085
-0.998482564321
-0.997475026114
-0.997179158723
-0.995559565442
-0.994247433024
iteration # 169
-0.999973530702
-0.999201294969
-0.99914122383
-0.998784092693
-0.998556543085
-0.998482564321
-0.997475026114
-0.997179158723
-0.995559565442
-0.994247433024
iteration # 170
-0.999973530702
-0.999201294969
-0.99914122383
-0.998784092693
-0.998556543085
-0.998482564321
-0.997475026114
-0.997179158723
-0.995559565442
-0.994247433024
iteration # 171
-0.999973530702
-0.999201294969
-0.99914122383
-0.998784092693
-0.998556543085
-0.998482564321
-0.997475026114
-0.997179158723
-0.995559565442
-0.994247433024
iteration # 172
-0.999973530702
-0.999201294969
-0.99914122383
-0.998784092693
-0.998556543085
-0.998482564321
-0.997475026114
-0.997179158723
-0.995559565442
-0.994247433024
iteration # 173
-0.999973530702
-0.999201294969
-0.99914122383
-0.998784092693
-0.998556543085
-0.998482564321
-0.997475026114
-0.997179158723
-0.995559565442
-0.994247433024
iteration # 174
-0.999973530702
-0.999201294969
-0.99914122383
-0.998784092693
-0.998556543085
-0.998482564321
-0.997475026114
-0.997179158723
-0.995559565442
-0.994247433024
iteration # 175
-0.999973530702
-0.999201294969
-0.99914122383
-0.998784092693
-0.998556543085
-0.998482564321
-0.997475026114
-0.997179158723
-0.995559565442
-0.994247433024
iteration # 176
-0.999973530702
-0.999201294969
-0.99914122383
-0.998784092693
-0.998556543085
-0.998482564321
-0.997475026114
-0.997179158723
-0.995559565442
-0.994247433024
iteration # 177
-0.999973530702
-0.999201294969
-0.99914122383
-0.998784092693
-0.998556543085
-0.998482564321
-0.997475026114
-0.997179158723
-0.995559565442
-0.994247433024
iteration # 178
-0.999973530702
-0.999201294969
-0.99914122383
-0.998784092693
-0.998556543085
-0.998482564321
-0.997475026114
-0.997179158723
-0.995559565442
-0.994247433024
iteration # 179
-0.999973530702
-0.999201294969
-0.99914122383
-0.998784092693
-0.998556543085
-0.998482564321
-0.997475026114
-0.997179158723
-0.995559565442
-0.994247433024
iteration # 180
-0.999973530702
-0.999201294969
-0.99914122383
-0.998784092693
-0.998556543085
-0.998482564321
-0.997475026114
-0.997179158723
-0.995559565442
-0.994247433024
iteration # 181
-0.999973530702
-0.999201294969
-0.99914122383
-0.998784092693
-0.998556543085
-0.998482564321
-0.997475026114
-0.997179158723
-0.995559565442
-0.994247433024
iteration # 182
-0.999973530702
-0.999201294969
-0.99914122383
-0.998784092693
-0.998556543085
-0.998482564321
-0.997475026114
-0.997179158723
-0.995559565442
-0.994247433024
iteration # 183
-0.999973530702
-0.999201294969
-0.99914122383
-0.998784092693
-0.998556543085
-0.998482564321
-0.997475026114
-0.997179158723
-0.995559565442
-0.994247433024
iteration # 184
-0.999973530702
-0.999201294969
-0.99914122383
-0.998784092693
-0.998556543085
-0.998482564321
-0.997475026114
-0.997179158723
-0.995559565442
-0.994247433024
iteration # 185
-0.999973530702
-0.999201294969
-0.99914122383
-0.998784092693
-0.998556543085
-0.998482564321
-0.997475026114
-0.997179158723
-0.995559565442
-0.994247433024
iteration # 186
-0.999973530702
-0.999201294969
-0.99914122383
-0.998784092693
-0.998556543085
-0.998482564321
-0.997475026114
-0.997179158723
-0.995559565442
-0.994247433024
iteration # 187
-0.999973530702
-0.999201294969
-0.99914122383
-0.998784092693
-0.998556543085
-0.998482564321
-0.997475026114
-0.997179158723
-0.995559565442
-0.994247433024
iteration # 188
-0.999973530702
-0.999201294969
-0.99914122383
-0.998784092693
-0.998556543085
-0.998482564321
-0.997475026114
-0.997179158723
-0.997138774196
-0.995559565442
iteration # 189
-0.999973530702
-0.999201294969
-0.99914122383
-0.998784092693
-0.998556543085
-0.998482564321
-0.997475026114
-0.997179158723
-0.997138774196
-0.995559565442
iteration # 190
-0.999973530702
-0.999201294969
-0.99914122383
-0.998784092693
-0.998556543085
-0.998482564321
-0.997475026114
-0.997179158723
-0.997138774196
-0.995559565442
iteration # 191
-0.999973530702
-0.999201294969
-0.99914122383
-0.998784092693
-0.998556543085
-0.998482564321
-0.997475026114
-0.997179158723
-0.997138774196
-0.995559565442
iteration # 192
-0.999973530702
-0.999201294969
-0.99914122383
-0.998784092693
-0.998556543085
-0.998482564321
-0.997475026114
-0.997179158723
-0.997138774196
-0.995559565442
iteration # 193
-0.999973530702
-0.999201294969
-0.99914122383
-0.998784092693
-0.998556543085
-0.998482564321
-0.997475026114
-0.997179158723
-0.997138774196
-0.995559565442
iteration # 194
-0.999973530702
-0.999201294969
-0.99914122383
-0.998784092693
-0.998556543085
-0.998482564321
-0.997475026114
-0.997179158723
-0.997138774196
-0.995559565442
iteration # 195
-0.999973530702
-0.999201294969
-0.99914122383
-0.998784092693
-0.998556543085
-0.998482564321
-0.997475026114
-0.997179158723
-0.997138774196
-0.995559565442
iteration # 196
-0.999973530702
-0.999201294969
-0.99914122383
-0.998784092693
-0.998556543085
-0.998482564321
-0.997475026114
-0.997179158723
-0.997138774196
-0.995559565442
iteration # 197
-0.999973530702
-0.999201294969
-0.99914122383
-0.998784092693
-0.998556543085
-0.998482564321
-0.997475026114
-0.997179158723
-0.997138774196
-0.995559565442
iteration # 198
-0.999973530702
-0.999201294969
-0.99914122383
-0.998784092693
-0.998556543085
-0.998482564321
-0.997475026114
-0.997179158723
-0.997138774196
-0.995559565442
iteration # 199
-0.999973530702
-0.999201294969
-0.99914122383
-0.998784092693
-0.998556543085
-0.998482564321
-0.997475026114
-0.997179158723
-0.997138774196
-0.995559565442
iteration # 200
-0.999973530702
-0.999201294969
-0.99914122383
-0.998784092693
-0.998556543085
-0.998482564321
-0.997475026114
-0.997179158723
-0.997138774196
-0.995559565442
iteration # 201
-0.999973530702
-0.999201294969
-0.99914122383
-0.998784092693
-0.998556543085
-0.998482564321
-0.997475026114
-0.997179158723
-0.997138774196
-0.995559565442
iteration # 202
-0.999973530702
-0.999201294969
-0.99914122383
-0.998784092693
-0.998556543085
-0.998482564321
-0.997475026114
-0.997179158723
-0.997138774196
-0.995559565442
iteration # 203
-0.999973530702
-0.999201294969
-0.99914122383
-0.998784092693
-0.998556543085
-0.998482564321
-0.997475026114
-0.997179158723
-0.997138774196
-0.995559565442
iteration # 204
-0.999973530702
-0.999201294969
-0.99914122383
-0.998784092693
-0.998556543085
-0.998482564321
-0.997475026114
-0.997179158723
-0.997138774196
-0.995559565442
iteration # 205
-0.999973530702
-0.999201294969
-0.99914122383
-0.998784092693
-0.998556543085
-0.998482564321
-0.997475026114
-0.997179158723
-0.997138774196
-0.995559565442
iteration # 206
-0.999973530702
-0.999201294969
-0.99914122383
-0.998784092693
-0.998556543085
-0.998482564321
-0.997475026114
-0.997179158723
-0.997138774196
-0.995559565442
iteration # 207
-0.999973530702
-0.999201294969
-0.99914122383
-0.998784092693
-0.998556543085
-0.998482564321
-0.997475026114
-0.997179158723
-0.997138774196
-0.995559565442
iteration # 208
-0.999973530702
-0.999201294969
-0.99914122383
-0.998784092693
-0.998556543085
-0.998482564321
-0.997475026114
-0.997179158723
-0.997138774196
-0.995559565442
iteration # 209
-0.999973530702
-0.999201294969
-0.99914122383
-0.998784092693
-0.998556543085
-0.998482564321
-0.997475026114
-0.997179158723
-0.997138774196
-0.995559565442
iteration # 210
-0.999973530702
-0.999201294969
-0.99914122383
-0.998784092693
-0.998556543085
-0.998482564321
-0.997475026114
-0.997179158723
-0.997138774196
-0.995559565442
iteration # 211
-0.999973530702
-0.999201294969
-0.99914122383
-0.998784092693
-0.998556543085
-0.998482564321
-0.997475026114
-0.997179158723
-0.997138774196
-0.995559565442
iteration # 212
-0.999973530702
-0.999201294969
-0.99914122383
-0.998784092693
-0.998556543085
-0.998482564321
-0.997475026114
-0.997179158723
-0.997138774196
-0.995559565442
iteration # 213
-0.999973530702
-0.999201294969
-0.99914122383
-0.998784092693
-0.998556543085
-0.998482564321
-0.997475026114
-0.997179158723
-0.997138774196
-0.995559565442
iteration # 214
-0.999973530702
-0.999201294969
-0.99914122383
-0.998784092693
-0.998556543085
-0.998482564321
-0.997475026114
-0.997179158723
-0.997138774196
-0.995559565442
iteration # 215
-0.999973530702
-0.999201294969
-0.99914122383
-0.998784092693
-0.998556543085
-0.998482564321
-0.997475026114
-0.997179158723
-0.997138774196
-0.995559565442
iteration # 216
-0.999973530702
-0.999201294969
-0.99914122383
-0.998784092693
-0.998556543085
-0.998482564321
-0.997475026114
-0.997179158723
-0.997138774196
-0.995559565442
iteration # 217
-0.999973530702
-0.999201294969
-0.99914122383
-0.998784092693
-0.998556543085
-0.998482564321
-0.997475026114
-0.997179158723
-0.997138774196
-0.995559565442
iteration # 218
-0.999973530702
-0.999201294969
-0.99914122383
-0.998824843029
-0.998784092693
-0.998556543085
-0.998482564321
-0.997475026114
-0.997179158723
-0.997138774196
iteration # 219
-0.999973530702
-0.999201294969
-0.99914122383
-0.998824843029
-0.998784092693
-0.998556543085
-0.998482564321
-0.997475026114
-0.997179158723
-0.997138774196
iteration # 220
-0.999973530702
-0.999201294969
-0.99914122383
-0.998824843029
-0.998784092693
-0.998556543085
-0.998482564321
-0.997475026114
-0.997179158723
-0.997138774196
iteration # 221
-0.999973530702
-0.999201294969
-0.99914122383
-0.998824843029
-0.998784092693
-0.998556543085
-0.998482564321
-0.997475026114
-0.997179158723
-0.997138774196
iteration # 222
-0.999973530702
-0.999201294969
-0.99914122383
-0.998824843029
-0.998784092693
-0.998556543085
-0.998482564321
-0.997475026114
-0.997179158723
-0.997138774196
iteration # 223
-0.999973530702
-0.999201294969
-0.99914122383
-0.998824843029
-0.998784092693
-0.998556543085
-0.998482564321
-0.997475026114
-0.997179158723
-0.997138774196
iteration # 224
-0.999973530702
-0.999201294969
-0.99914122383
-0.998824843029
-0.998784092693
-0.998556543085
-0.998482564321
-0.997475026114
-0.997179158723
-0.997138774196
iteration # 225
-0.999973530702
-0.999201294969
-0.99914122383
-0.998824843029
-0.998784092693
-0.998556543085
-0.998482564321
-0.997475026114
-0.997179158723
-0.997138774196
iteration # 226
-0.999973530702
-0.999201294969
-0.99914122383
-0.998824843029
-0.998784092693
-0.998556543085
-0.998482564321
-0.997475026114
-0.997179158723
-0.997138774196
iteration # 227
-0.999973530702
-0.999201294969
-0.99914122383
-0.998824843029
-0.998784092693
-0.998556543085
-0.998482564321
-0.997475026114
-0.997179158723
-0.997138774196
iteration # 228
-0.999973530702
-0.999201294969
-0.99914122383
-0.998824843029
-0.998784092693
-0.998556543085
-0.998482564321
-0.997475026114
-0.997179158723
-0.997138774196
iteration # 229
-0.999973530702
-0.999201294969
-0.99914122383
-0.998824843029
-0.998784092693
-0.998556543085
-0.998482564321
-0.997475026114
-0.997179158723
-0.997138774196
iteration # 230
-0.999973530702
-0.999201294969
-0.99914122383
-0.998824843029
-0.998784092693
-0.998556543085
-0.998482564321
-0.997475026114
-0.997179158723
-0.997138774196
iteration # 231
-0.999973530702
-0.999201294969
-0.99914122383
-0.998824843029
-0.998784092693
-0.998556543085
-0.998482564321
-0.997475026114
-0.997179158723
-0.997138774196
iteration # 232
-0.999973530702
-0.999201294969
-0.99914122383
-0.998824843029
-0.998784092693
-0.998556543085
-0.998482564321
-0.997475026114
-0.997179158723
-0.997138774196
iteration # 233
-0.999973530702
-0.999201294969
-0.99914122383
-0.998824843029
-0.998784092693
-0.998556543085
-0.998482564321
-0.997475026114
-0.997179158723
-0.997138774196
iteration # 234
-0.999973530702
-0.999201294969
-0.99914122383
-0.998824843029
-0.998784092693
-0.998556543085
-0.998482564321
-0.997475026114
-0.997179158723
-0.997138774196
iteration # 235
-0.999973530702
-0.999201294969
-0.99914122383
-0.998824843029
-0.998784092693
-0.998556543085
-0.998482564321
-0.997475026114
-0.997179158723
-0.997138774196
iteration # 236
-0.999973530702
-0.999201294969
-0.99914122383
-0.998824843029
-0.998784092693
-0.998556543085
-0.998482564321
-0.997475026114
-0.997179158723
-0.997138774196
iteration # 237
-0.999973530702
-0.999201294969
-0.99914122383
-0.998824843029
-0.998784092693
-0.998556543085
-0.998482564321
-0.997475026114
-0.997179158723
-0.997138774196
iteration # 238
-0.999973530702
-0.999201294969
-0.99914122383
-0.998824843029
-0.998784092693
-0.998556543085
-0.998482564321
-0.997475026114
-0.997179158723
-0.997138774196
iteration # 239
-0.999973530702
-0.999201294969
-0.99914122383
-0.998824843029
-0.998784092693
-0.998556543085
-0.998482564321
-0.997475026114
-0.997179158723
-0.997138774196
iteration # 240
-0.999973530702
-0.999201294969
-0.99914122383
-0.998824843029
-0.998784092693
-0.998556543085
-0.998482564321
-0.997475026114
-0.997179158723
-0.997138774196
iteration # 241
-0.999973530702
-0.999201294969
-0.99914122383
-0.998824843029
-0.998784092693
-0.998556543085
-0.998482564321
-0.997475026114
-0.997179158723
-0.997138774196
iteration # 242
-0.999973530702
-0.999201294969
-0.99914122383
-0.998824843029
-0.998784092693
-0.998556543085
-0.998482564321
-0.997475026114
-0.997179158723
-0.997138774196
iteration # 243
-0.999973530702
-0.999201294969
-0.99914122383
-0.998824843029
-0.998784092693
-0.998556543085
-0.998482564321
-0.997475026114
-0.997179158723
-0.997138774196
iteration # 244
-0.999973530702
-0.999201294969
-0.99914122383
-0.998824843029
-0.998784092693
-0.998556543085
-0.998482564321
-0.997475026114
-0.997179158723
-0.997138774196
iteration # 245
-0.999973530702
-0.999201294969
-0.99914122383
-0.998824843029
-0.998784092693
-0.998556543085
-0.998482564321
-0.997475026114
-0.997179158723
-0.997138774196
iteration # 246
-0.999973530702
-0.999201294969
-0.99914122383
-0.998824843029
-0.998784092693
-0.998556543085
-0.998482564321
-0.997475026114
-0.997179158723
-0.997138774196
iteration # 247
-0.999973530702
-0.999201294969
-0.99914122383
-0.998824843029
-0.998784092693
-0.998556543085
-0.998482564321
-0.997475026114
-0.997179158723
-0.997138774196
iteration # 248
-0.999973530702
-0.999201294969
-0.99914122383
-0.998824843029
-0.998784092693
-0.998556543085
-0.998482564321
-0.997475026114
-0.997179158723
-0.997138774196
iteration # 249
-0.999973530702
-0.999201294969
-0.99914122383
-0.998824843029
-0.998784092693
-0.998556543085
-0.998482564321
-0.997475026114
-0.997179158723
-0.997138774196
Individuo 0
Xt :  [3.144654966470339, 3.144468181930239]
Stantard Deviation : [0.45874053080100774, 0.09148819534717287]
Fitness : -0.999973530702


Individuo 1
Xt :  [3.1446549664702537, 3.1644681819301534]
Stantard Deviation : [1.4433089070971759, 0.31061562193787734]
Fitness : -0.999201294969


Individuo 2
Xt :  [3.132779966470175, 3.1638431819300816]
Stantard Deviation : [0.14875318314742728, 0.1902890124998411]
Fitness : -0.99914122383


Individuo 3
Xt :  [3.1346549664701686, 3.1144681819300692]
Stantard Deviation : [0.36789517024353535, 0.21480471917811417]
Fitness : -0.998824843029


Individuo 4
Xt :  [3.117154966470257, 3.1269681819301702]
Stantard Deviation : [1.0712077749584565, 1.754374010351192]
Fitness : -0.998784092693


Individuo 5
Xt :  [3.172154966470506, 3.1469681819303936]
Stantard Deviation : [2.425062730447612, 4.776608711426295]
Fitness : -0.998556543085


Individuo 6
Xt :  [3.117154966470342, 3.1619681819302548]
Stantard Deviation : [0.24328367763195782, 0.16113922902770667]
Fitness : -0.998482564321


Individuo 7
Xt :  [3.182467466470255, 3.1454056819301526]
Stantard Deviation : [0.06283109369481957, 0.06934908837387653]
Fitness : -0.997475026114


Individuo 8
Xt :  [3.180904966470181, 3.1232181819300955]
Stantard Deviation : [0.7737862173466249, 0.4159286219721655]
Fitness : -0.997179158723


Individuo 9
Xt :  [3.1646549664702106, 3.104468181930112]
Stantard Deviation : [6.497815075650225, 0.2710308882335739]
Fitness : -0.997138774196


