iteration # 0
-2.13621014446e-05
-2.36846018803e-12
-2.70919895609e-14
-1.02063749799e-29
-3.71079222819e-63
-1.15627382474e-73
-1.0957781809e-105
1.0317467267e-99
4.86278897618e-56
1.62536883142e-19
iteration # 1
-0.00167823341243
-2.13621014446e-05
-2.36846018803e-12
-2.70919895609e-14
-1.02063749799e-29
-3.71079222819e-63
-1.15627382474e-73
-1.0957781809e-105
1.0317467267e-99
4.86278897618e-56
iteration # 2
-0.00167823341243
-2.13621014446e-05
-4.51958660138e-09
-2.36846018803e-12
-2.70919895609e-14
-1.02063749799e-29
-3.71079222819e-63
-1.15627382474e-73
-1.0957781809e-105
1.0317467267e-99
iteration # 3
-0.00167823341243
-2.13621014446e-05
-4.51958660138e-09
-2.36846018803e-12
-2.70919895609e-14
-1.50657018618e-18
-1.02063749799e-29
-3.71079222819e-63
-1.15627382474e-73
-1.0957781809e-105
iteration # 4
-0.63607709486
-0.00167823341243
-2.13621014446e-05
-4.51958660138e-09
-2.36846018803e-12
-2.70919895609e-14
-1.50657018618e-18
-1.02063749799e-29
-3.71079222819e-63
-1.15627382474e-73
iteration # 5
-0.63607709486
-0.00167823341243
-2.13621014446e-05
-4.51958660138e-09
-2.36846018803e-12
-2.70919895609e-14
-1.50657018618e-18
-1.02063749799e-29
-3.71079222819e-63
-1.15627382474e-73
iteration # 6
-0.63607709486
-0.00167823341243
-2.13621014446e-05
-4.51958660138e-09
-2.36846018803e-12
-2.70919895609e-14
-1.50657018618e-18
-1.02063749799e-29
-3.71079222819e-63
-1.15627382474e-73
iteration # 7
-0.63607709486
-0.00167823341243
-2.13621014446e-05
-4.51958660138e-09
-2.36846018803e-12
-2.70919895609e-14
-1.50657018618e-18
-1.02063749799e-29
-3.71079222819e-63
-1.15627382474e-73
iteration # 8
-0.63607709486
-0.00167823341243
-2.13621014446e-05
-4.51958660138e-09
-2.36846018803e-12
-2.70919895609e-14
-1.50657018618e-18
-1.02063749799e-29
-3.71079222819e-63
-1.15627382474e-73
iteration # 9
-0.63607709486
-0.00167823341243
-2.13621014446e-05
-4.51958660138e-09
-2.36846018803e-12
-2.70919895609e-14
-1.50657018618e-18
-1.02063749799e-29
-3.71079222819e-63
-1.15627382474e-73
iteration # 10
-0.63607709486
-0.00167823341243
-2.13621014446e-05
-4.51958660138e-09
-2.36846018803e-12
-2.70919895609e-14
-1.50657018618e-18
-1.02063749799e-29
-3.71079222819e-63
-1.15627382474e-73
iteration # 11
-0.63607709486
-0.00167823341243
-2.13621014446e-05
-4.51958660138e-09
-2.36846018803e-12
-2.70919895609e-14
-1.50657018618e-18
-1.02063749799e-29
-3.71079222819e-63
-1.15627382474e-73
iteration # 12
-0.63607709486
-0.036562761099
-0.00167823341243
-2.13621014446e-05
-4.51958660138e-09
-2.36846018803e-12
-2.70919895609e-14
-1.50657018618e-18
-1.02063749799e-29
-3.71079222819e-63
iteration # 13
-0.63607709486
-0.036562761099
-0.00167823341243
-2.13621014446e-05
-4.51958660138e-09
-2.36846018803e-12
-2.70919895609e-14
-1.50657018618e-18
-1.02063749799e-29
-3.71079222819e-63
iteration # 14
-0.63607709486
-0.29620414388
-0.036562761099
-0.00167823341243
-2.13621014446e-05
-4.51958660138e-09
-2.36846018803e-12
-2.70919895609e-14
-1.50657018618e-18
-1.02063749799e-29
iteration # 15
-0.803211172756
-0.63607709486
-0.29620414388
-0.036562761099
-0.00167823341243
-2.13621014446e-05
-4.51958660138e-09
-2.36846018803e-12
-2.70919895609e-14
-1.50657018618e-18
iteration # 16
-0.803211172756
-0.63607709486
-0.326319657063
-0.29620414388
-0.036562761099
-0.00167823341243
-2.13621014446e-05
-4.51958660138e-09
-2.36846018803e-12
-2.70919895609e-14
iteration # 17
-0.803211172756
-0.63607709486
-0.326319657063
-0.29620414388
-0.036562761099
-0.00167823341243
-2.13621014446e-05
-4.51958660138e-09
-2.36846018803e-12
-2.70919895609e-14
iteration # 18
-0.840074247518
-0.803211172756
-0.63607709486
-0.326319657063
-0.29620414388
-0.036562761099
-0.00167823341243
-2.13621014446e-05
-4.51958660138e-09
-2.36846018803e-12
iteration # 19
-0.840074247518
-0.803211172756
-0.63607709486
-0.326319657063
-0.29620414388
-0.036562761099
-0.00167823341243
-2.13621014446e-05
-4.51958660138e-09
-2.36846018803e-12
iteration # 20
-0.840074247518
-0.803211172756
-0.63607709486
-0.339033707285
-0.326319657063
-0.29620414388
-0.036562761099
-0.00167823341243
-2.13621014446e-05
-4.51958660138e-09
iteration # 21
-0.840074247518
-0.803211172756
-0.63607709486
-0.339033707285
-0.326319657063
-0.29620414388
-0.036562761099
-0.00167823341243
-3.97287053228e-05
-2.13621014446e-05
iteration # 22
-0.840074247518
-0.803211172756
-0.63607709486
-0.339033707285
-0.326319657063
-0.29620414388
-0.215981233583
-0.036562761099
-0.00167823341243
-3.97287053228e-05
iteration # 23
-0.840074247518
-0.803211172756
-0.63607709486
-0.339033707285
-0.326319657063
-0.29620414388
-0.215981233583
-0.036562761099
-0.0107673590729
-0.00167823341243
iteration # 24
-0.840074247518
-0.803211172756
-0.63607709486
-0.339033707285
-0.326319657063
-0.29620414388
-0.286511077222
-0.215981233583
-0.036562761099
-0.0107673590729
iteration # 25
-0.904284831643
-0.840074247518
-0.803211172756
-0.63607709486
-0.339033707285
-0.326319657063
-0.29620414388
-0.286511077222
-0.215981233583
-0.036562761099
iteration # 26
-0.965236329673
-0.904284831643
-0.840074247518
-0.803211172756
-0.63607709486
-0.339033707285
-0.326319657063
-0.29620414388
-0.286511077222
-0.215981233583
iteration # 27
-0.965236329673
-0.904284831643
-0.840074247518
-0.803211172756
-0.63607709486
-0.53398143284
-0.339033707285
-0.326319657063
-0.29620414388
-0.286511077222
iteration # 28
-0.965236329673
-0.904284831643
-0.840074247518
-0.803211172756
-0.63607709486
-0.544901972298
-0.53398143284
-0.339033707285
-0.326319657063
-0.29620414388
iteration # 29
-0.965236329673
-0.904284831643
-0.840074247518
-0.803211172756
-0.63607709486
-0.544901972298
-0.53398143284
-0.339033707285
-0.326319657063
-0.29620414388
iteration # 30
-0.965236329673
-0.904284831643
-0.840074247518
-0.803211172756
-0.63607709486
-0.544901972298
-0.53398143284
-0.339033707285
-0.326319657063
-0.29620414388
iteration # 31
-0.965236329673
-0.904284831643
-0.840074247518
-0.803211172756
-0.63607709486
-0.544901972298
-0.53398143284
-0.339033707285
-0.326319657063
-0.29620414388
iteration # 32
-0.965236329673
-0.904284831643
-0.840074247518
-0.803211172756
-0.794389281852
-0.63607709486
-0.544901972298
-0.53398143284
-0.339033707285
-0.326319657063
iteration # 33
-0.965236329673
-0.904284831643
-0.840074247518
-0.803211172756
-0.794389281852
-0.679625559604
-0.63607709486
-0.544901972298
-0.53398143284
-0.339033707285
iteration # 34
-0.965236329673
-0.904284831643
-0.840074247518
-0.803211172756
-0.794389281852
-0.679625559604
-0.63607709486
-0.544901972298
-0.53398143284
-0.339033707285
iteration # 35
-0.965236329673
-0.904284831643
-0.840074247518
-0.803211172756
-0.794389281852
-0.679625559604
-0.63607709486
-0.544901972298
-0.53398143284
-0.339033707285
iteration # 36
-0.965236329673
-0.904284831643
-0.840074247518
-0.803211172756
-0.794389281852
-0.679625559604
-0.673313231029
-0.63607709486
-0.544901972298
-0.53398143284
iteration # 37
-0.965236329673
-0.904284831643
-0.840074247518
-0.803211172756
-0.794389281852
-0.679625559604
-0.673313231029
-0.63607709486
-0.544901972298
-0.53398143284
iteration # 38
-0.965236329673
-0.904284831643
-0.840074247518
-0.803211172756
-0.794389281852
-0.679625559604
-0.673313231029
-0.63607709486
-0.544901972298
-0.53398143284
iteration # 39
-0.965236329673
-0.904284831643
-0.840074247518
-0.803211172756
-0.794389281852
-0.679625559604
-0.673313231029
-0.63607709486
-0.544901972298
-0.53398143284
iteration # 40
-0.965236329673
-0.904284831643
-0.840074247518
-0.803211172756
-0.794389281852
-0.679625559604
-0.673313231029
-0.63607709486
-0.544901972298
-0.53398143284
iteration # 41
-0.965236329673
-0.904284831643
-0.840074247518
-0.803211172756
-0.794389281852
-0.679625559604
-0.673313231029
-0.63607709486
-0.544901972298
-0.53398143284
iteration # 42
-0.965236329673
-0.904284831643
-0.840074247518
-0.803211172756
-0.794389281852
-0.679625559604
-0.673313231029
-0.63607709486
-0.544901972298
-0.53398143284
iteration # 43
-0.965236329673
-0.904284831643
-0.840074247518
-0.803211172756
-0.794389281852
-0.679625559604
-0.673313231029
-0.651990679563
-0.63607709486
-0.544901972298
iteration # 44
-0.984279180298
-0.965236329673
-0.904284831643
-0.840074247518
-0.803211172756
-0.794389281852
-0.679625559604
-0.673313231029
-0.651990679563
-0.63607709486
iteration # 45
-0.984279180298
-0.965236329673
-0.904284831643
-0.840074247518
-0.803211172756
-0.794389281852
-0.679625559604
-0.673313231029
-0.651990679563
-0.63607709486
iteration # 46
-0.984279180298
-0.965236329673
-0.904284831643
-0.840074247518
-0.803211172756
-0.794389281852
-0.679625559604
-0.673313231029
-0.651990679563
-0.63607709486
iteration # 47
-0.984279180298
-0.965236329673
-0.904284831643
-0.840074247518
-0.803211172756
-0.794389281852
-0.679625559604
-0.673313231029
-0.651990679563
-0.63607709486
iteration # 48
-0.984279180298
-0.965236329673
-0.904284831643
-0.840074247518
-0.803211172756
-0.794389281852
-0.679625559604
-0.673313231029
-0.651990679563
-0.63607709486
iteration # 49
-0.984279180298
-0.965236329673
-0.904284831643
-0.840074247518
-0.803211172756
-0.794389281852
-0.679625559604
-0.673313231029
-0.651990679563
-0.63607709486
iteration # 50
-0.984279180298
-0.965236329673
-0.904284831643
-0.840074247518
-0.803211172756
-0.794389281852
-0.679625559604
-0.673313231029
-0.651990679563
-0.63607709486
iteration # 51
-0.984279180298
-0.965236329673
-0.904284831643
-0.840074247518
-0.803211172756
-0.794389281852
-0.679625559604
-0.673313231029
-0.651990679563
-0.63607709486
iteration # 52
-0.984279180298
-0.965236329673
-0.904284831643
-0.840074247518
-0.803211172756
-0.794389281852
-0.679625559604
-0.673313231029
-0.651990679563
-0.63607709486
iteration # 53
-0.984279180298
-0.965236329673
-0.904284831643
-0.840074247518
-0.803211172756
-0.794389281852
-0.679625559604
-0.673313231029
-0.651990679563
-0.63607709486
iteration # 54
-0.984279180298
-0.965236329673
-0.904284831643
-0.840074247518
-0.803211172756
-0.794389281852
-0.679625559604
-0.673313231029
-0.651990679563
-0.63607709486
iteration # 55
-0.984279180298
-0.965236329673
-0.904284831643
-0.840074247518
-0.803211172756
-0.794389281852
-0.679625559604
-0.673313231029
-0.651990679563
-0.63607709486
iteration # 56
-0.984279180298
-0.965236329673
-0.904284831643
-0.840074247518
-0.803211172756
-0.794389281852
-0.679625559604
-0.673313231029
-0.651990679563
-0.63607709486
iteration # 57
-0.984279180298
-0.965236329673
-0.904284831643
-0.840074247518
-0.803211172756
-0.794389281852
-0.679625559604
-0.673313231029
-0.651990679563
-0.63607709486
iteration # 58
-0.984279180298
-0.965236329673
-0.904284831643
-0.840074247518
-0.803211172756
-0.794389281852
-0.679625559604
-0.673313231029
-0.651990679563
-0.63607709486
iteration # 59
-0.984279180298
-0.965236329673
-0.904284831643
-0.840074247518
-0.803211172756
-0.794389281852
-0.679625559604
-0.673313231029
-0.651990679563
-0.63607709486
iteration # 60
-0.984279180298
-0.965236329673
-0.904284831643
-0.840074247518
-0.803211172756
-0.794389281852
-0.679625559604
-0.673313231029
-0.651990679563
-0.63607709486
iteration # 61
-0.984279180298
-0.965236329673
-0.904284831643
-0.840074247518
-0.803211172756
-0.794389281852
-0.679625559604
-0.673313231029
-0.651990679563
-0.63607709486
iteration # 62
-0.984279180298
-0.965236329673
-0.904284831643
-0.840074247518
-0.81381426565
-0.803211172756
-0.794389281852
-0.679625559604
-0.673313231029
-0.651990679563
iteration # 63
-0.984279180298
-0.965236329673
-0.904284831643
-0.840074247518
-0.81381426565
-0.803211172756
-0.794389281852
-0.679625559604
-0.673313231029
-0.651990679563
iteration # 64
-0.984279180298
-0.965236329673
-0.904284831643
-0.840074247518
-0.81381426565
-0.803211172756
-0.794389281852
-0.679625559604
-0.673313231029
-0.651990679563
iteration # 65
-0.984279180298
-0.965236329673
-0.904284831643
-0.840074247518
-0.81381426565
-0.803211172756
-0.794389281852
-0.679625559604
-0.673313231029
-0.651990679563
iteration # 66
-0.984279180298
-0.965236329673
-0.904284831643
-0.840074247518
-0.81381426565
-0.803211172756
-0.794389281852
-0.679625559604
-0.673313231029
-0.651990679563
iteration # 67
-0.984279180298
-0.965236329673
-0.904284831643
-0.840074247518
-0.81381426565
-0.803211172756
-0.794389281852
-0.679625559604
-0.673313231029
-0.651990679563
iteration # 68
-0.984279180298
-0.965236329673
-0.904284831643
-0.840074247518
-0.81381426565
-0.803211172756
-0.794389281852
-0.679625559604
-0.673313231029
-0.651990679563
iteration # 69
-0.984279180298
-0.965236329673
-0.904284831643
-0.840074247518
-0.81381426565
-0.803211172756
-0.794389281852
-0.679625559604
-0.673313231029
-0.651990679563
iteration # 70
-0.984279180298
-0.965236329673
-0.904284831643
-0.840074247518
-0.81381426565
-0.803211172756
-0.794389281852
-0.787659313856
-0.679625559604
-0.673313231029
iteration # 71
-0.984279180298
-0.965236329673
-0.904284831643
-0.840074247518
-0.81381426565
-0.803211172756
-0.794389281852
-0.787659313856
-0.679625559604
-0.673313231029
iteration # 72
-0.984279180298
-0.965236329673
-0.904284831643
-0.840074247518
-0.81381426565
-0.803211172756
-0.794389281852
-0.787659313856
-0.679625559604
-0.673313231029
iteration # 73
-0.984279180298
-0.965236329673
-0.904284831643
-0.840074247518
-0.81381426565
-0.803211172756
-0.794389281852
-0.787659313856
-0.679625559604
-0.673313231029
iteration # 74
-0.984279180298
-0.965236329673
-0.904284831643
-0.840074247518
-0.81381426565
-0.803211172756
-0.794389281852
-0.787659313856
-0.679625559604
-0.673313231029
iteration # 75
-0.984279180298
-0.965236329673
-0.904284831643
-0.840074247518
-0.81381426565
-0.803211172756
-0.794389281852
-0.787659313856
-0.679625559604
-0.673313231029
iteration # 76
-0.984279180298
-0.965236329673
-0.904284831643
-0.840074247518
-0.81381426565
-0.803211172756
-0.794389281852
-0.787659313856
-0.679625559604
-0.673313231029
iteration # 77
-0.984279180298
-0.965236329673
-0.904284831643
-0.840074247518
-0.81381426565
-0.803211172756
-0.794389281852
-0.787659313856
-0.679625559604
-0.673313231029
iteration # 78
-0.984279180298
-0.965236329673
-0.904284831643
-0.840074247518
-0.81381426565
-0.803211172756
-0.794389281852
-0.787659313856
-0.679625559604
-0.673313231029
iteration # 79
-0.984279180298
-0.965236329673
-0.904284831643
-0.840074247518
-0.81381426565
-0.803211172756
-0.794389281852
-0.787659313856
-0.679625559604
-0.673313231029
iteration # 80
-0.984279180298
-0.965236329673
-0.904284831643
-0.840074247518
-0.81381426565
-0.803211172756
-0.794389281852
-0.787659313856
-0.679625559604
-0.673313231029
iteration # 81
-0.984279180298
-0.965236329673
-0.904284831643
-0.840074247518
-0.81381426565
-0.803211172756
-0.794389281852
-0.787659313856
-0.679625559604
-0.673313231029
iteration # 82
-0.984279180298
-0.965236329673
-0.904284831643
-0.840074247518
-0.81381426565
-0.803211172756
-0.794389281852
-0.787659313856
-0.679625559604
-0.673313231029
iteration # 83
-0.991461810359
-0.984279180298
-0.965236329673
-0.904284831643
-0.840074247518
-0.81381426565
-0.803211172756
-0.794389281852
-0.787659313856
-0.679625559604
iteration # 84
-0.991461810359
-0.984279180298
-0.965236329673
-0.904284831643
-0.840074247518
-0.81381426565
-0.803211172756
-0.794389281852
-0.787659313856
-0.679625559604
iteration # 85
-0.991461810359
-0.984279180298
-0.965236329673
-0.904284831643
-0.840074247518
-0.81381426565
-0.803211172756
-0.794389281852
-0.787659313856
-0.679625559604
iteration # 86
-0.991461810359
-0.984279180298
-0.965236329673
-0.904284831643
-0.840074247518
-0.81381426565
-0.803211172756
-0.794389281852
-0.787659313856
-0.679625559604
iteration # 87
-0.991461810359
-0.984279180298
-0.965236329673
-0.904284831643
-0.840074247518
-0.81381426565
-0.803211172756
-0.794389281852
-0.787659313856
-0.679625559604
iteration # 88
-0.991461810359
-0.984279180298
-0.965236329673
-0.904284831643
-0.875366384051
-0.840074247518
-0.81381426565
-0.803211172756
-0.794389281852
-0.787659313856
iteration # 89
-0.991461810359
-0.984279180298
-0.965236329673
-0.904284831643
-0.875366384051
-0.840074247518
-0.81381426565
-0.803211172756
-0.794389281852
-0.787659313856
iteration # 90
-0.991461810359
-0.984279180298
-0.965236329673
-0.904284831643
-0.875366384051
-0.840074247518
-0.81381426565
-0.803211172756
-0.794389281852
-0.787659313856
iteration # 91
-0.991461810359
-0.984279180298
-0.965236329673
-0.904284831643
-0.875366384051
-0.840074247518
-0.81381426565
-0.803211172756
-0.794389281852
-0.787659313856
iteration # 92
-0.991461810359
-0.984279180298
-0.965236329673
-0.904284831643
-0.875366384051
-0.840074247518
-0.81381426565
-0.803211172756
-0.794389281852
-0.787659313856
iteration # 93
-0.991461810359
-0.984279180298
-0.965236329673
-0.904284831643
-0.875366384051
-0.840074247518
-0.81381426565
-0.803211172756
-0.794389281852
-0.787659313856
iteration # 94
-0.991461810359
-0.987464367787
-0.984279180298
-0.965236329673
-0.904284831643
-0.875366384051
-0.840074247518
-0.81381426565
-0.803211172756
-0.794389281852
iteration # 95
-0.991461810359
-0.987464367787
-0.984279180298
-0.965236329673
-0.904284831643
-0.875366384051
-0.840074247518
-0.81381426565
-0.803211172756
-0.794389281852
iteration # 96
-0.991461810359
-0.987464367787
-0.984279180298
-0.965236329673
-0.904284831643
-0.898423246304
-0.875366384051
-0.840074247518
-0.81381426565
-0.803211172756
iteration # 97
-0.991461810359
-0.987464367787
-0.984279180298
-0.965236329673
-0.904284831643
-0.898423246304
-0.875366384051
-0.840074247518
-0.81381426565
-0.803211172756
iteration # 98
-0.991461810359
-0.987464367787
-0.984279180298
-0.965236329673
-0.904284831643
-0.898423246304
-0.875366384051
-0.840074247518
-0.81381426565
-0.803211172756
iteration # 99
-0.991461810359
-0.987464367787
-0.984279180298
-0.965236329673
-0.904284831643
-0.898423246304
-0.875366384051
-0.840074247518
-0.81381426565
-0.803211172756
iteration # 100
-0.991461810359
-0.987464367787
-0.984279180298
-0.965236329673
-0.904284831643
-0.898423246304
-0.875366384051
-0.840074247518
-0.81381426565
-0.803211172756
iteration # 101
-0.991461810359
-0.987464367787
-0.984279180298
-0.965236329673
-0.904284831643
-0.898423246304
-0.875366384051
-0.840074247518
-0.81381426565
-0.803211172756
iteration # 102
-0.991461810359
-0.987464367787
-0.984279180298
-0.965236329673
-0.904284831643
-0.898423246304
-0.875366384051
-0.840074247518
-0.81381426565
-0.803211172756
iteration # 103
-0.991461810359
-0.987464367787
-0.984279180298
-0.965236329673
-0.904284831643
-0.898423246304
-0.875366384051
-0.840074247518
-0.81381426565
-0.803211172756
iteration # 104
-0.991461810359
-0.987464367787
-0.984279180298
-0.965236329673
-0.904284831643
-0.898423246304
-0.875366384051
-0.840074247518
-0.81381426565
-0.803211172756
iteration # 105
-0.991461810359
-0.987464367787
-0.984279180298
-0.965236329673
-0.904284831643
-0.898423246304
-0.875366384051
-0.840074247518
-0.81381426565
-0.803211172756
iteration # 106
-0.991461810359
-0.987464367787
-0.984279180298
-0.965236329673
-0.904284831643
-0.898423246304
-0.875366384051
-0.840074247518
-0.81381426565
-0.803211172756
iteration # 107
-0.991461810359
-0.987464367787
-0.984279180298
-0.965236329673
-0.935528137677
-0.904284831643
-0.898423246304
-0.875366384051
-0.840074247518
-0.81381426565
iteration # 108
-0.996422454597
-0.991461810359
-0.987464367787
-0.984279180298
-0.965236329673
-0.935528137677
-0.904284831643
-0.898423246304
-0.875366384051
-0.840074247518
iteration # 109
-0.996422454597
-0.991461810359
-0.987464367787
-0.984279180298
-0.965236329673
-0.935528137677
-0.904284831643
-0.898423246304
-0.875366384051
-0.840074247518
iteration # 110
-0.996422454597
-0.991461810359
-0.987464367787
-0.984279180298
-0.965236329673
-0.935528137677
-0.904284831643
-0.898423246304
-0.875366384051
-0.840074247518
iteration # 111
-0.996422454597
-0.991461810359
-0.987464367787
-0.984279180298
-0.965236329673
-0.935528137677
-0.904284831643
-0.898423246304
-0.875366384051
-0.840074247518
iteration # 112
-0.996422454597
-0.991461810359
-0.987464367787
-0.984279180298
-0.965236329673
-0.935528137677
-0.904284831643
-0.903209231393
-0.898423246304
-0.875366384051
iteration # 113
-0.996422454597
-0.991461810359
-0.987464367787
-0.984279180298
-0.965236329673
-0.935528137677
-0.904284831643
-0.903209231393
-0.898423246304
-0.875366384051
iteration # 114
-0.996422454597
-0.991461810359
-0.987464367787
-0.984279180298
-0.965236329673
-0.935528137677
-0.904284831643
-0.903209231393
-0.898423246304
-0.875366384051
iteration # 115
-0.996422454597
-0.991461810359
-0.987464367787
-0.984279180298
-0.965236329673
-0.935528137677
-0.904284831643
-0.903209231393
-0.898423246304
-0.875366384051
iteration # 116
-0.996422454597
-0.991461810359
-0.987464367787
-0.984279180298
-0.965236329673
-0.935528137677
-0.904284831643
-0.903209231393
-0.898423246304
-0.875366384051
iteration # 117
-0.996422454597
-0.991461810359
-0.987464367787
-0.984279180298
-0.965236329673
-0.935528137677
-0.904284831643
-0.903209231393
-0.898423246304
-0.875366384051
iteration # 118
-0.996422454597
-0.991461810359
-0.987464367787
-0.984279180298
-0.965236329673
-0.935528137677
-0.904284831643
-0.903209231393
-0.898423246304
-0.875366384051
iteration # 119
-0.996422454597
-0.991461810359
-0.987464367787
-0.984279180298
-0.966699363586
-0.965236329673
-0.935528137677
-0.904284831643
-0.903209231393
-0.898423246304
iteration # 120
-0.996422454597
-0.991461810359
-0.987464367787
-0.984279180298
-0.966699363586
-0.965236329673
-0.935528137677
-0.904284831643
-0.903209231393
-0.898423246304
iteration # 121
-0.996422454597
-0.991461810359
-0.987464367787
-0.984279180298
-0.966699363586
-0.965236329673
-0.935528137677
-0.904284831643
-0.903209231393
-0.898423246304
iteration # 122
-0.996422454597
-0.991461810359
-0.987464367787
-0.984279180298
-0.966699363586
-0.965236329673
-0.935528137677
-0.904284831643
-0.903209231393
-0.898423246304
iteration # 123
-0.996422454597
-0.991461810359
-0.987464367787
-0.984279180298
-0.966699363586
-0.965236329673
-0.935528137677
-0.904284831643
-0.903209231393
-0.898423246304
iteration # 124
-0.996422454597
-0.991461810359
-0.987464367787
-0.984279180298
-0.966699363586
-0.965236329673
-0.935528137677
-0.904284831643
-0.903209231393
-0.898423246304
iteration # 125
-0.996422454597
-0.991461810359
-0.987464367787
-0.984279180298
-0.966699363586
-0.965236329673
-0.935528137677
-0.904284831643
-0.903209231393
-0.898423246304
iteration # 126
-0.996422454597
-0.991461810359
-0.987464367787
-0.984279180298
-0.966699363586
-0.965236329673
-0.935528137677
-0.904284831643
-0.903209231393
-0.898423246304
iteration # 127
-0.996422454597
-0.991461810359
-0.987464367787
-0.984279180298
-0.966699363586
-0.965236329673
-0.935528137677
-0.904284831643
-0.903209231393
-0.898423246304
iteration # 128
-0.996422454597
-0.991461810359
-0.987464367787
-0.984279180298
-0.966699363586
-0.965236329673
-0.935528137677
-0.904284831643
-0.903209231393
-0.898423246304
iteration # 129
-0.996422454597
-0.991461810359
-0.987464367787
-0.984279180298
-0.966699363586
-0.965236329673
-0.935528137677
-0.904284831643
-0.903209231393
-0.898423246304
iteration # 130
-0.996422454597
-0.991461810359
-0.987464367787
-0.984279180298
-0.966699363586
-0.965236329673
-0.935528137677
-0.904284831643
-0.903209231393
-0.898423246304
iteration # 131
-0.996422454597
-0.991461810359
-0.987464367787
-0.984279180298
-0.966699363586
-0.965236329673
-0.935528137677
-0.904284831643
-0.903209231393
-0.898423246304
iteration # 132
-0.996422454597
-0.991461810359
-0.987464367787
-0.984279180298
-0.966699363586
-0.965236329673
-0.935528137677
-0.904284831643
-0.903209231393
-0.898423246304
iteration # 133
-0.996422454597
-0.991461810359
-0.987464367787
-0.984279180298
-0.966699363586
-0.965236329673
-0.935528137677
-0.904284831643
-0.903209231393
-0.898423246304
iteration # 134
-0.996422454597
-0.991461810359
-0.987464367787
-0.984279180298
-0.966699363586
-0.965236329673
-0.935528137677
-0.904284831643
-0.903209231393
-0.898423246304
iteration # 135
-0.996422454597
-0.991461810359
-0.987464367787
-0.984279180298
-0.966699363586
-0.965236329673
-0.935528137677
-0.904284831643
-0.903209231393
-0.898423246304
iteration # 136
-0.996422454597
-0.991461810359
-0.987464367787
-0.984279180298
-0.966699363586
-0.965236329673
-0.935528137677
-0.904284831643
-0.903209231393
-0.898423246304
iteration # 137
-0.996422454597
-0.991461810359
-0.987464367787
-0.984279180298
-0.966699363586
-0.965236329673
-0.935528137677
-0.904284831643
-0.903209231393
-0.898423246304
iteration # 138
-0.996422454597
-0.991461810359
-0.987464367787
-0.984279180298
-0.966699363586
-0.965236329673
-0.935528137677
-0.904284831643
-0.903209231393
-0.898423246304
iteration # 139
-0.996422454597
-0.991461810359
-0.987464367787
-0.984279180298
-0.966699363586
-0.965236329673
-0.935528137677
-0.904284831643
-0.903209231393
-0.898423246304
iteration # 140
-0.996422454597
-0.991461810359
-0.987464367787
-0.984279180298
-0.966699363586
-0.965236329673
-0.935528137677
-0.904284831643
-0.903209231393
-0.898423246304
iteration # 141
-0.996422454597
-0.991461810359
-0.987464367787
-0.984279180298
-0.966699363586
-0.965236329673
-0.935528137677
-0.904284831643
-0.903209231393
-0.898423246304
iteration # 142
-0.996422454597
-0.991461810359
-0.987464367787
-0.984279180298
-0.966699363586
-0.965236329673
-0.935528137677
-0.904284831643
-0.903209231393
-0.898423246304
iteration # 143
-0.996422454597
-0.991461810359
-0.987464367787
-0.984279180298
-0.966699363586
-0.965236329673
-0.935528137677
-0.904284831643
-0.903209231393
-0.898423246304
iteration # 144
-0.996422454597
-0.991461810359
-0.987464367787
-0.984279180298
-0.966699363586
-0.965236329673
-0.935528137677
-0.904284831643
-0.903209231393
-0.898423246304
iteration # 145
-0.996422454597
-0.991461810359
-0.987464367787
-0.984279180298
-0.966699363586
-0.965236329673
-0.935528137677
-0.904284831643
-0.903209231393
-0.898423246304
iteration # 146
-0.996422454597
-0.991461810359
-0.987464367787
-0.984279180298
-0.966699363586
-0.965236329673
-0.935528137677
-0.904284831643
-0.903209231393
-0.898423246304
iteration # 147
-0.996422454597
-0.991461810359
-0.987464367787
-0.984279180298
-0.966699363586
-0.965236329673
-0.935528137677
-0.904284831643
-0.903209231393
-0.898423246304
iteration # 148
-0.996422454597
-0.991461810359
-0.987464367787
-0.984279180298
-0.966699363586
-0.965236329673
-0.935528137677
-0.904284831643
-0.903209231393
-0.898423246304
iteration # 149
-0.996422454597
-0.991461810359
-0.987464367787
-0.984279180298
-0.966699363586
-0.965236329673
-0.935528137677
-0.904284831643
-0.903209231393
-0.898423246304
iteration # 150
-0.996422454597
-0.991461810359
-0.987464367787
-0.984279180298
-0.966699363586
-0.965236329673
-0.935528137677
-0.904284831643
-0.903209231393
-0.898423246304
iteration # 151
-0.996422454597
-0.991461810359
-0.987464367787
-0.984279180298
-0.966699363586
-0.965236329673
-0.935528137677
-0.904284831643
-0.903209231393
-0.898423246304
iteration # 152
-0.996422454597
-0.991461810359
-0.987464367787
-0.984279180298
-0.966699363586
-0.965236329673
-0.935528137677
-0.904284831643
-0.903209231393
-0.898423246304
iteration # 153
-0.996422454597
-0.991461810359
-0.987464367787
-0.984279180298
-0.966699363586
-0.965236329673
-0.935528137677
-0.904284831643
-0.903209231393
-0.898423246304
iteration # 154
-0.996422454597
-0.991461810359
-0.987464367787
-0.984279180298
-0.966699363586
-0.965236329673
-0.935528137677
-0.904284831643
-0.903209231393
-0.898423246304
iteration # 155
-0.996422454597
-0.991461810359
-0.987464367787
-0.984279180298
-0.966699363586
-0.965236329673
-0.935528137677
-0.904284831643
-0.903209231393
-0.898423246304
iteration # 156
-0.996422454597
-0.991461810359
-0.987464367787
-0.984279180298
-0.966699363586
-0.965236329673
-0.935528137677
-0.904284831643
-0.903209231393
-0.898423246304
iteration # 157
-0.996422454597
-0.991461810359
-0.987464367787
-0.984279180298
-0.966699363586
-0.965236329673
-0.935528137677
-0.904284831643
-0.903209231393
-0.898423246304
iteration # 158
-0.996422454597
-0.991461810359
-0.987464367787
-0.984279180298
-0.966699363586
-0.965236329673
-0.935528137677
-0.904284831643
-0.903209231393
-0.898423246304
iteration # 159
-0.996422454597
-0.991461810359
-0.987464367787
-0.984279180298
-0.966699363586
-0.965236329673
-0.935528137677
-0.904284831643
-0.903209231393
-0.898423246304
iteration # 160
-0.996422454597
-0.991461810359
-0.987464367787
-0.984279180298
-0.966699363586
-0.965236329673
-0.935528137677
-0.904284831643
-0.903209231393
-0.898423246304
iteration # 161
-0.996422454597
-0.991461810359
-0.987464367787
-0.984279180298
-0.969205788012
-0.966699363586
-0.965236329673
-0.935528137677
-0.904284831643
-0.903209231393
iteration # 162
-0.996422454597
-0.991461810359
-0.987464367787
-0.984279180298
-0.969205788012
-0.966699363586
-0.965236329673
-0.935528137677
-0.904284831643
-0.903209231393
iteration # 163
-0.996422454597
-0.991461810359
-0.987464367787
-0.984279180298
-0.969205788012
-0.966699363586
-0.965236329673
-0.935528137677
-0.904284831643
-0.903209231393
iteration # 164
-0.996422454597
-0.991461810359
-0.987464367787
-0.984279180298
-0.969205788012
-0.966699363586
-0.965236329673
-0.935528137677
-0.904284831643
-0.903209231393
iteration # 165
-0.996422454597
-0.991461810359
-0.987464367787
-0.984279180298
-0.969205788012
-0.966699363586
-0.965236329673
-0.935528137677
-0.904284831643
-0.903209231393
iteration # 166
-0.996422454597
-0.991461810359
-0.987464367787
-0.984279180298
-0.969205788012
-0.966699363586
-0.965236329673
-0.935528137677
-0.904284831643
-0.903209231393
iteration # 167
-0.996422454597
-0.991461810359
-0.987464367787
-0.984279180298
-0.969205788012
-0.966699363586
-0.965236329673
-0.935528137677
-0.904284831643
-0.903209231393
iteration # 168
-0.996422454597
-0.991461810359
-0.987464367787
-0.984279180298
-0.969205788012
-0.966699363586
-0.965236329673
-0.935528137677
-0.904284831643
-0.903209231393
iteration # 169
-0.996422454597
-0.991461810359
-0.987464367787
-0.984279180298
-0.969205788012
-0.966699363586
-0.965236329673
-0.935528137677
-0.904284831643
-0.903209231393
iteration # 170
-0.996422454597
-0.991461810359
-0.987464367787
-0.984279180298
-0.969205788012
-0.966699363586
-0.965236329673
-0.935528137677
-0.904284831643
-0.903209231393
iteration # 171
-0.996422454597
-0.991461810359
-0.987464367787
-0.984279180298
-0.969205788012
-0.966699363586
-0.965236329673
-0.935528137677
-0.904284831643
-0.903209231393
iteration # 172
-0.996422454597
-0.991461810359
-0.987464367787
-0.984279180298
-0.969205788012
-0.966699363586
-0.965236329673
-0.935528137677
-0.904284831643
-0.903209231393
iteration # 173
-0.996422454597
-0.991461810359
-0.987464367787
-0.984279180298
-0.969205788012
-0.966699363586
-0.965236329673
-0.935528137677
-0.904284831643
-0.903209231393
iteration # 174
-0.996422454597
-0.991461810359
-0.987464367787
-0.984279180298
-0.969205788012
-0.966699363586
-0.965236329673
-0.935528137677
-0.904284831643
-0.903209231393
iteration # 175
-0.996422454597
-0.991461810359
-0.987464367787
-0.984279180298
-0.969205788012
-0.966699363586
-0.965236329673
-0.935528137677
-0.904284831643
-0.903209231393
iteration # 176
-0.996422454597
-0.991461810359
-0.987464367787
-0.984279180298
-0.969205788012
-0.966699363586
-0.965236329673
-0.935528137677
-0.904284831643
-0.903209231393
iteration # 177
-0.996422454597
-0.991461810359
-0.987464367787
-0.984279180298
-0.969205788012
-0.966699363586
-0.965236329673
-0.935528137677
-0.904284831643
-0.903209231393
iteration # 178
-0.996422454597
-0.991461810359
-0.987464367787
-0.984279180298
-0.969205788012
-0.966699363586
-0.965236329673
-0.935528137677
-0.904284831643
-0.903209231393
iteration # 179
-0.996422454597
-0.991461810359
-0.987464367787
-0.984279180298
-0.969205788012
-0.966699363586
-0.965236329673
-0.935528137677
-0.904284831643
-0.903209231393
iteration # 180
-0.996422454597
-0.991461810359
-0.987464367787
-0.984279180298
-0.969205788012
-0.966699363586
-0.965236329673
-0.935528137677
-0.904284831643
-0.903209231393
iteration # 181
-0.996422454597
-0.991461810359
-0.987464367787
-0.984279180298
-0.969205788012
-0.968010932625
-0.966699363586
-0.965236329673
-0.935528137677
-0.904284831643
iteration # 182
-0.996422454597
-0.991461810359
-0.987464367787
-0.984279180298
-0.969205788012
-0.968010932625
-0.966699363586
-0.965236329673
-0.935528137677
-0.92942573806
iteration # 183
-0.996422454597
-0.991461810359
-0.987464367787
-0.984279180298
-0.969205788012
-0.968010932625
-0.966699363586
-0.965236329673
-0.935528137677
-0.92942573806
iteration # 184
-0.996422454597
-0.991461810359
-0.987464367787
-0.984279180298
-0.969205788012
-0.968010932625
-0.966699363586
-0.965236329673
-0.935528137677
-0.92942573806
iteration # 185
-0.996422454597
-0.991461810359
-0.987464367787
-0.984279180298
-0.969205788012
-0.968010932625
-0.966699363586
-0.965236329673
-0.935528137677
-0.92942573806
iteration # 186
-0.996422454597
-0.991461810359
-0.987464367787
-0.984279180298
-0.969205788012
-0.968010932625
-0.966699363586
-0.965236329673
-0.935528137677
-0.92942573806
iteration # 187
-0.996422454597
-0.991461810359
-0.987464367787
-0.984279180298
-0.969205788012
-0.968010932625
-0.966699363586
-0.965236329673
-0.935528137677
-0.92942573806
iteration # 188
-0.996422454597
-0.99319558025
-0.991461810359
-0.987464367787
-0.984279180298
-0.969205788012
-0.968010932625
-0.966699363586
-0.965236329673
-0.935528137677
iteration # 189
-0.996422454597
-0.99319558025
-0.991461810359
-0.987464367787
-0.984279180298
-0.969205788012
-0.968010932625
-0.966699363586
-0.965236329673
-0.935528137677
iteration # 190
-0.996422454597
-0.99319558025
-0.991461810359
-0.987464367787
-0.984279180298
-0.969205788012
-0.968010932625
-0.966699363586
-0.965236329673
-0.935528137677
iteration # 191
-0.996422454597
-0.99319558025
-0.991461810359
-0.987464367787
-0.984279180298
-0.969205788012
-0.968010932625
-0.966699363586
-0.965236329673
-0.935528137677
iteration # 192
-0.996422454597
-0.99319558025
-0.991461810359
-0.987464367787
-0.984279180298
-0.969205788012
-0.968010932625
-0.966699363586
-0.965236329673
-0.935528137677
iteration # 193
-0.996422454597
-0.99319558025
-0.991461810359
-0.987464367787
-0.984279180298
-0.969205788012
-0.968010932625
-0.966699363586
-0.965236329673
-0.935528137677
iteration # 194
-0.996422454597
-0.99319558025
-0.991461810359
-0.987464367787
-0.984279180298
-0.969205788012
-0.968010932625
-0.966699363586
-0.965236329673
-0.935528137677
iteration # 195
-0.996422454597
-0.99319558025
-0.991461810359
-0.987464367787
-0.984279180298
-0.969205788012
-0.968010932625
-0.966699363586
-0.965236329673
-0.935528137677
iteration # 196
-0.996422454597
-0.99319558025
-0.991461810359
-0.987464367787
-0.984279180298
-0.969205788012
-0.968010932625
-0.966699363586
-0.965236329673
-0.935528137677
iteration # 197
-0.996422454597
-0.99319558025
-0.991461810359
-0.987464367787
-0.984279180298
-0.969205788012
-0.968010932625
-0.966699363586
-0.965236329673
-0.935528137677
iteration # 198
-0.996422454597
-0.99319558025
-0.991461810359
-0.987464367787
-0.984279180298
-0.969205788012
-0.968010932625
-0.966699363586
-0.965236329673
-0.935528137677
iteration # 199
-0.996422454597
-0.99319558025
-0.991461810359
-0.987464367787
-0.984279180298
-0.969205788012
-0.968010932625
-0.966699363586
-0.965236329673
-0.935528137677
iteration # 200
-0.996422454597
-0.99319558025
-0.991461810359
-0.987464367787
-0.984279180298
-0.969205788012
-0.968010932625
-0.966699363586
-0.965236329673
-0.935528137677
iteration # 201
-0.996422454597
-0.99319558025
-0.991461810359
-0.987464367787
-0.984279180298
-0.969205788012
-0.968010932625
-0.966699363586
-0.965236329673
-0.935528137677
iteration # 202
-0.996422454597
-0.99319558025
-0.991461810359
-0.987464367787
-0.984279180298
-0.969205788012
-0.968010932625
-0.966699363586
-0.965236329673
-0.935528137677
iteration # 203
-0.996422454597
-0.99319558025
-0.991461810359
-0.987464367787
-0.984279180298
-0.969205788012
-0.968010932625
-0.966699363586
-0.965236329673
-0.935528137677
iteration # 204
-0.996422454597
-0.99319558025
-0.991461810359
-0.987464367787
-0.984279180298
-0.969205788012
-0.968010932625
-0.966699363586
-0.965236329673
-0.935528137677
iteration # 205
-0.996422454597
-0.99319558025
-0.991461810359
-0.987464367787
-0.984279180298
-0.969205788012
-0.968010932625
-0.966699363586
-0.965236329673
-0.935528137677
iteration # 206
-0.996422454597
-0.99319558025
-0.991461810359
-0.987464367787
-0.984279180298
-0.969205788012
-0.968010932625
-0.966699363586
-0.965236329673
-0.935528137677
iteration # 207
-0.996422454597
-0.99319558025
-0.991461810359
-0.987464367787
-0.984279180298
-0.969205788012
-0.968010932625
-0.966699363586
-0.965236329673
-0.935528137677
iteration # 208
-0.996422454597
-0.99319558025
-0.991461810359
-0.987464367787
-0.984279180298
-0.969205788012
-0.968010932625
-0.966699363586
-0.965236329673
-0.935528137677
iteration # 209
-0.996422454597
-0.99319558025
-0.991461810359
-0.987464367787
-0.984279180298
-0.969205788012
-0.968010932625
-0.966699363586
-0.965236329673
-0.935528137677
iteration # 210
-0.996422454597
-0.99319558025
-0.991461810359
-0.987464367787
-0.984279180298
-0.969205788012
-0.968010932625
-0.966699363586
-0.965236329673
-0.935528137677
iteration # 211
-0.996422454597
-0.99319558025
-0.991461810359
-0.987464367787
-0.984279180298
-0.969205788012
-0.968010932625
-0.966699363586
-0.965236329673
-0.935528137677
iteration # 212
-0.996422454597
-0.99319558025
-0.991461810359
-0.987464367787
-0.984279180298
-0.969205788012
-0.968010932625
-0.966699363586
-0.965236329673
-0.935528137677
iteration # 213
-0.996422454597
-0.99319558025
-0.991461810359
-0.987464367787
-0.984279180298
-0.969205788012
-0.968010932625
-0.966699363586
-0.965236329673
-0.935528137677
iteration # 214
-0.996422454597
-0.99319558025
-0.991461810359
-0.987464367787
-0.984279180298
-0.969205788012
-0.968010932625
-0.966699363586
-0.965236329673
-0.935528137677
iteration # 215
-0.996422454597
-0.99319558025
-0.991461810359
-0.987464367787
-0.984279180298
-0.969205788012
-0.968010932625
-0.966699363586
-0.965236329673
-0.935528137677
iteration # 216
-0.996422454597
-0.99319558025
-0.991461810359
-0.987464367787
-0.984279180298
-0.969205788012
-0.968010932625
-0.966699363586
-0.965236329673
-0.935528137677
iteration # 217
-0.996422454597
-0.99319558025
-0.991461810359
-0.987464367787
-0.984279180298
-0.969205788012
-0.968010932625
-0.966699363586
-0.965236329673
-0.935528137677
iteration # 218
-0.996422454597
-0.99319558025
-0.991461810359
-0.987464367787
-0.984279180298
-0.969205788012
-0.968010932625
-0.966699363586
-0.965236329673
-0.935528137677
iteration # 219
-0.996422454597
-0.99319558025
-0.991461810359
-0.987464367787
-0.984279180298
-0.969205788012
-0.968010932625
-0.966699363586
-0.965236329673
-0.935528137677
iteration # 220
-0.996422454597
-0.99319558025
-0.991461810359
-0.987464367787
-0.984279180298
-0.969205788012
-0.968010932625
-0.966699363586
-0.965236329673
-0.935528137677
iteration # 221
-0.996422454597
-0.99319558025
-0.991461810359
-0.987464367787
-0.984279180298
-0.969205788012
-0.968010932625
-0.966699363586
-0.965236329673
-0.935528137677
iteration # 222
-0.996422454597
-0.99319558025
-0.991461810359
-0.987464367787
-0.984279180298
-0.969205788012
-0.968010932625
-0.966699363586
-0.965236329673
-0.935528137677
iteration # 223
-0.996422454597
-0.99319558025
-0.991461810359
-0.987464367787
-0.984279180298
-0.969205788012
-0.968010932625
-0.966699363586
-0.965236329673
-0.935528137677
iteration # 224
-0.996422454597
-0.99319558025
-0.991461810359
-0.987464367787
-0.984279180298
-0.969205788012
-0.968010932625
-0.966699363586
-0.965236329673
-0.935528137677
iteration # 225
-0.996422454597
-0.99319558025
-0.991461810359
-0.987464367787
-0.984279180298
-0.969205788012
-0.968010932625
-0.966699363586
-0.965236329673
-0.935528137677
iteration # 226
-0.996422454597
-0.99319558025
-0.991461810359
-0.987464367787
-0.984279180298
-0.969205788012
-0.968010932625
-0.966699363586
-0.965236329673
-0.935528137677
iteration # 227
-0.996422454597
-0.99319558025
-0.991461810359
-0.987464367787
-0.984279180298
-0.969205788012
-0.968010932625
-0.966699363586
-0.965236329673
-0.935528137677
iteration # 228
-0.996422454597
-0.99319558025
-0.991461810359
-0.987464367787
-0.984279180298
-0.969205788012
-0.968010932625
-0.966699363586
-0.965236329673
-0.935528137677
iteration # 229
-0.996422454597
-0.99551647049
-0.99319558025
-0.991461810359
-0.987464367787
-0.984279180298
-0.969205788012
-0.968010932625
-0.966699363586
-0.965236329673
iteration # 230
-0.996422454597
-0.99551647049
-0.99319558025
-0.991461810359
-0.987464367787
-0.984279180298
-0.969205788012
-0.968010932625
-0.966699363586
-0.965236329673
iteration # 231
-0.996422454597
-0.99551647049
-0.99319558025
-0.991461810359
-0.987464367787
-0.984279180298
-0.969205788012
-0.968010932625
-0.966699363586
-0.965236329673
iteration # 232
-0.996422454597
-0.99551647049
-0.99319558025
-0.991461810359
-0.987464367787
-0.984279180298
-0.969205788012
-0.968010932625
-0.966699363586
-0.965236329673
iteration # 233
-0.996422454597
-0.99551647049
-0.99319558025
-0.991461810359
-0.987464367787
-0.984279180298
-0.969205788012
-0.968010932625
-0.966699363586
-0.965236329673
iteration # 234
-0.996422454597
-0.99551647049
-0.99319558025
-0.991461810359
-0.987464367787
-0.984279180298
-0.969205788012
-0.968010932625
-0.966699363586
-0.965236329673
iteration # 235
-0.996422454597
-0.99551647049
-0.99319558025
-0.991461810359
-0.987464367787
-0.984279180298
-0.969205788012
-0.968010932625
-0.966699363586
-0.965236329673
iteration # 236
-0.996422454597
-0.99551647049
-0.99319558025
-0.991461810359
-0.987464367787
-0.984279180298
-0.969205788012
-0.968010932625
-0.966699363586
-0.965236329673
iteration # 237
-0.996422454597
-0.99551647049
-0.99319558025
-0.991461810359
-0.987464367787
-0.984279180298
-0.969205788012
-0.968010932625
-0.966699363586
-0.965236329673
iteration # 238
-0.996422454597
-0.99551647049
-0.99319558025
-0.991461810359
-0.987464367787
-0.984279180298
-0.969205788012
-0.968010932625
-0.966699363586
-0.965236329673
iteration # 239
-0.996422454597
-0.99551647049
-0.99319558025
-0.991461810359
-0.987464367787
-0.984279180298
-0.969205788012
-0.968010932625
-0.966699363586
-0.965236329673
iteration # 240
-0.996422454597
-0.99551647049
-0.99319558025
-0.991461810359
-0.987464367787
-0.984279180298
-0.969205788012
-0.968010932625
-0.966699363586
-0.965236329673
iteration # 241
-0.996422454597
-0.99551647049
-0.99319558025
-0.991461810359
-0.987464367787
-0.984279180298
-0.969205788012
-0.968010932625
-0.966699363586
-0.965236329673
iteration # 242
-0.996422454597
-0.99551647049
-0.99319558025
-0.991461810359
-0.987464367787
-0.984279180298
-0.969205788012
-0.968010932625
-0.966699363586
-0.965236329673
iteration # 243
-0.996422454597
-0.99551647049
-0.99319558025
-0.991461810359
-0.987464367787
-0.984279180298
-0.969205788012
-0.968010932625
-0.966699363586
-0.965236329673
iteration # 244
-0.996422454597
-0.99551647049
-0.99319558025
-0.991461810359
-0.987464367787
-0.984279180298
-0.969205788012
-0.968010932625
-0.966699363586
-0.965236329673
iteration # 245
-0.996422454597
-0.99551647049
-0.99319558025
-0.991461810359
-0.987464367787
-0.984279180298
-0.969205788012
-0.968010932625
-0.966699363586
-0.965236329673
iteration # 246
-0.996422454597
-0.99551647049
-0.99319558025
-0.991461810359
-0.987464367787
-0.984279180298
-0.969205788012
-0.968010932625
-0.966699363586
-0.965236329673
iteration # 247
-0.996422454597
-0.99551647049
-0.99319558025
-0.991461810359
-0.987464367787
-0.984279180298
-0.969205788012
-0.968010932625
-0.966699363586
-0.965236329673
iteration # 248
-0.996422454597
-0.99551647049
-0.99319558025
-0.991461810359
-0.987464367787
-0.984279180298
-0.969205788012
-0.968010932625
-0.966699363586
-0.965236329673
iteration # 249
-0.996422454597
-0.99551647049
-0.99319558025
-0.991461810359
-0.987464367787
-0.984279180298
-0.969205788012
-0.968010932625
-0.966699363586
-0.965236329673
Individuo 0
Xt :  [3.190469761040233, 3.141726249422985]
Stantard Deviation : [0.4242451697837488, 0.26062441013185966]
Fitness : -0.996422454597


Individuo 1
Xt :  [3.1004697610402454, 3.1054762494229964]
Stantard Deviation : [0.09546531427616538, 0.9403120127919898]
Fitness : -0.99551647049


Individuo 2
Xt :  [3.1804697610401904, 3.1967262494229414]
Stantard Deviation : [0.4521546973372841, 0.4260930144682134]
Fitness : -0.99319558025


Individuo 3
Xt :  [3.1704697610403185, 3.071726249423072]
Stantard Deviation : [0.3875018325502871, 0.06065840446478261]
Fitness : -0.991461810359


Individuo 4
Xt :  [3.050469761040321, 3.1517262494230702]
Stantard Deviation : [0.3723076683664881, 0.4055556892886016]
Fitness : -0.987464367787


Individuo 5
Xt :  [3.1504697610403403, 3.039226249423094]
Stantard Deviation : [0.6979706961070844, 0.5320296525160896]
Fitness : -0.984279180298


Individuo 6
Xt :  [3.025469761040167, 3.227351249422914]
Stantard Deviation : [0.3942178335118517, 0.41923852633746606]
Fitness : -0.969205788012


Individuo 7
Xt :  [3.20046976104019, 3.0067262494229454]
Stantard Deviation : [0.5979289884912838, 0.32377166454538475]
Fitness : -0.968010932625


Individuo 8
Xt :  [3.000469761040269, 3.1929762494230163]
Stantard Deviation : [1.8423906373890626, 0.4961950926359939]
Fitness : -0.966699363586


Individuo 9
Xt :  [3.290469761040465, 3.1042262494232205]
Stantard Deviation : [0.24750281968179244, 0.2351807779723399]
Fitness : -0.965236329673


