iteration # 0
-0.429277953982
-0.00579694705557
-1.19580143927e-07
-2.22851992466e-11
-6.72980456572e-13
-6.24347056499e-15
-4.72269349824e-15
-6.48125000568e-28
-1.12738785492e-33
-6.08035658464e-40
iteration # 1
-0.697615961958
-0.551283082518
-0.429277953982
-0.10720530194
-0.0558802781965
-0.0364742791224
-0.00579694705557
-2.55474908392e-05
-5.67797435371e-07
-1.19580143927e-07
iteration # 2
-0.804884657978
-0.697615961958
-0.551283082518
-0.429277953982
-0.287112969939
-0.270970743596
-0.122702327904
-0.10720530194
-0.0558802781965
-0.0411827414066
iteration # 3
-0.91919704625
-0.872982137221
-0.804884657978
-0.697615961958
-0.551283082518
-0.429277953982
-0.287112969939
-0.270970743596
-0.146417215764
-0.142574184717
iteration # 4
-0.998219213773
-0.91919704625
-0.872982137221
-0.804884657978
-0.697615961958
-0.621578011571
-0.551283082518
-0.507170217661
-0.429277953982
-0.287112969939
iteration # 5
-0.998219213773
-0.91919704625
-0.872982137221
-0.86826641092
-0.804884657978
-0.697615961958
-0.621578011571
-0.563901317723
-0.551283082518
-0.507170217661
iteration # 6
-0.998219213773
-0.931953835923
-0.91919704625
-0.877483757252
-0.872982137221
-0.86826641092
-0.804884657978
-0.697615961958
-0.621578011571
-0.563901317723
iteration # 7
-0.998219213773
-0.996683458165
-0.931953835923
-0.91919704625
-0.877483757252
-0.872982137221
-0.86826641092
-0.832813514653
-0.804884657978
-0.7868509205
iteration # 8
-0.998219213773
-0.996683458165
-0.931953835923
-0.91919704625
-0.898905848791
-0.882207047993
-0.877483757252
-0.872982137221
-0.86826641092
-0.84435054873
iteration # 9
-0.998219213773
-0.996683458165
-0.931953835923
-0.91919704625
-0.917658123676
-0.898905848791
-0.882207047993
-0.877483757252
-0.872982137221
-0.86826641092
iteration # 10
-0.998219213773
-0.996683458165
-0.931953835923
-0.91919704625
-0.917658123676
-0.898905848791
-0.882207047993
-0.877483757252
-0.872982137221
-0.86826641092
iteration # 11
-0.998219213773
-0.996683458165
-0.931953835923
-0.91919704625
-0.917658123676
-0.898905848791
-0.882207047993
-0.877483757252
-0.872982137221
-0.86826641092
iteration # 12
-0.998219213773
-0.996683458165
-0.994815158203
-0.931953835923
-0.91919704625
-0.918815934541
-0.917658123676
-0.898905848791
-0.882207047993
-0.877483757252
iteration # 13
-0.998219213773
-0.996683458165
-0.994815158203
-0.992744834879
-0.985595445156
-0.931953835923
-0.91919704625
-0.918815934541
-0.917658123676
-0.907983630459
iteration # 14
-0.998219213773
-0.996683458165
-0.994815158203
-0.992744834879
-0.985595445156
-0.959009981876
-0.941313305789
-0.931953835923
-0.91919704625
-0.918815934541
iteration # 15
-0.998219213773
-0.996683458165
-0.994815158203
-0.992744834879
-0.985595445156
-0.969013608005
-0.959009981876
-0.941313305789
-0.931953835923
-0.91919704625
iteration # 16
-0.999987308235
-0.998219213773
-0.996683458165
-0.994815158203
-0.992744834879
-0.985595445156
-0.984126531237
-0.969013608005
-0.959009981876
-0.95008861656
iteration # 17
-0.999987308235
-0.998219213773
-0.996683458165
-0.994815158203
-0.992744834879
-0.985595445156
-0.984126531237
-0.969013608005
-0.959009981876
-0.95008861656
iteration # 18
-0.999987308235
-0.998219213773
-0.996683458165
-0.994815158203
-0.992744834879
-0.985595445156
-0.984126531237
-0.969013608005
-0.959009981876
-0.95008861656
iteration # 19
-0.999987308235
-0.998219213773
-0.996683458165
-0.994815158203
-0.992744834879
-0.985595445156
-0.984126531237
-0.969013608005
-0.968568695133
-0.959009981876
iteration # 20
-0.999987308235
-0.998219213773
-0.996683458165
-0.994815158203
-0.992744834879
-0.985595445156
-0.984126531237
-0.969013608005
-0.968568695133
-0.959009981876
iteration # 21
-0.999987308235
-0.998764703534
-0.998219213773
-0.996683458165
-0.994815158203
-0.992744834879
-0.985595445156
-0.984126531237
-0.969719232247
-0.969013608005
iteration # 22
-0.999987308235
-0.998764703534
-0.998219213773
-0.996683458165
-0.994815158203
-0.992744834879
-0.985595445156
-0.984126531237
-0.969719232247
-0.969013608005
iteration # 23
-0.999987308235
-0.998764703534
-0.998219213773
-0.996683458165
-0.994815158203
-0.992744834879
-0.985595445156
-0.984126531237
-0.969719232247
-0.969013608005
iteration # 24
-0.999987308235
-0.998764703534
-0.998219213773
-0.996683458165
-0.994815158203
-0.992744834879
-0.985595445156
-0.984126531237
-0.969719232247
-0.969013608005
iteration # 25
-0.999987308235
-0.998764703534
-0.998219213773
-0.996683458165
-0.994815158203
-0.992744834879
-0.985595445156
-0.984126531237
-0.969719232247
-0.969013608005
iteration # 26
-0.999987308235
-0.998764703534
-0.998219213773
-0.996683458165
-0.994815158203
-0.992744834879
-0.990611355906
-0.985595445156
-0.984126531237
-0.969719232247
iteration # 27
-0.999987308235
-0.998764703534
-0.998219213773
-0.996683458165
-0.994815158203
-0.992744834879
-0.990611355906
-0.985595445156
-0.984126531237
-0.969719232247
iteration # 28
-0.999987308235
-0.998764703534
-0.998219213773
-0.996683458165
-0.996656270802
-0.994815158203
-0.992744834879
-0.990611355906
-0.990367072973
-0.985595445156
iteration # 29
-0.999987308235
-0.998764703534
-0.998219213773
-0.996683458165
-0.996656270802
-0.994815158203
-0.992744834879
-0.990611355906
-0.990367072973
-0.985595445156
iteration # 30
-0.999987308235
-0.998764703534
-0.998219213773
-0.996683458165
-0.996656270802
-0.994815158203
-0.992744834879
-0.990611355906
-0.990367072973
-0.985595445156
iteration # 31
-0.999987308235
-0.998764703534
-0.998219213773
-0.996683458165
-0.996656270802
-0.994815158203
-0.992744834879
-0.990611355906
-0.990367072973
-0.985595445156
iteration # 32
-0.999987308235
-0.998764703534
-0.998219213773
-0.996683458165
-0.996656270802
-0.994815158203
-0.992744834879
-0.990611355906
-0.990367072973
-0.985595445156
iteration # 33
-0.999987308235
-0.998764703534
-0.998219213773
-0.996683458165
-0.996656270802
-0.994815158203
-0.992744834879
-0.990611355906
-0.990367072973
-0.985595445156
iteration # 34
-0.999987308235
-0.998764703534
-0.998219213773
-0.996683458165
-0.996656270802
-0.994815158203
-0.992744834879
-0.990611355906
-0.990367072973
-0.985595445156
iteration # 35
-0.999987308235
-0.998764703534
-0.998219213773
-0.996683458165
-0.996656270802
-0.994815158203
-0.992744834879
-0.990611355906
-0.990367072973
-0.985595445156
iteration # 36
-0.999987308235
-0.998764703534
-0.998219213773
-0.996683458165
-0.996656270802
-0.994815158203
-0.992744834879
-0.990611355906
-0.990367072973
-0.985595445156
iteration # 37
-0.999987308235
-0.998764703534
-0.998219213773
-0.996683458165
-0.996656270802
-0.994815158203
-0.992744834879
-0.990611355906
-0.990367072973
-0.985595445156
iteration # 38
-0.999987308235
-0.998764703534
-0.998219213773
-0.996683458165
-0.996656270802
-0.994815158203
-0.992744834879
-0.990611355906
-0.990367072973
-0.985595445156
iteration # 39
-0.999987308235
-0.998764703534
-0.998219213773
-0.996683458165
-0.996656270802
-0.994815158203
-0.992744834879
-0.990611355906
-0.990367072973
-0.985595445156
iteration # 40
-0.999987308235
-0.998764703534
-0.998219213773
-0.996683458165
-0.996656270802
-0.994815158203
-0.992744834879
-0.990611355906
-0.990367072973
-0.985595445156
iteration # 41
-0.999987308235
-0.998764703534
-0.998219213773
-0.996683458165
-0.996656270802
-0.994815158203
-0.992744834879
-0.990611355906
-0.990367072973
-0.985595445156
iteration # 42
-0.999987308235
-0.998764703534
-0.998219213773
-0.996683458165
-0.996656270802
-0.994815158203
-0.992744834879
-0.990611355906
-0.990367072973
-0.985595445156
iteration # 43
-0.999987308235
-0.998764703534
-0.998219213773
-0.996683458165
-0.996656270802
-0.994815158203
-0.992744834879
-0.990611355906
-0.990367072973
-0.985595445156
iteration # 44
-0.999987308235
-0.998764703534
-0.998219213773
-0.996683458165
-0.996656270802
-0.994815158203
-0.992744834879
-0.990611355906
-0.990367072973
-0.985595445156
iteration # 45
-0.999987308235
-0.998764703534
-0.998219213773
-0.996683458165
-0.996656270802
-0.994815158203
-0.992744834879
-0.990611355906
-0.990367072973
-0.985595445156
iteration # 46
-0.999987308235
-0.998764703534
-0.998219213773
-0.997781872222
-0.996683458165
-0.996656270802
-0.994815158203
-0.992744834879
-0.990611355906
-0.990367072973
iteration # 47
-0.999987308235
-0.998764703534
-0.998219213773
-0.997781872222
-0.996683458165
-0.996656270802
-0.994815158203
-0.992744834879
-0.990611355906
-0.990367072973
iteration # 48
-0.999987308235
-0.998764703534
-0.998219213773
-0.997781872222
-0.996683458165
-0.996656270802
-0.994815158203
-0.992744834879
-0.990611355906
-0.990367072973
iteration # 49
-0.999987308235
-0.998764703534
-0.998219213773
-0.997781872222
-0.996683458165
-0.996656270802
-0.994815158203
-0.992744834879
-0.990611355906
-0.990367072973
iteration # 50
-0.999987308235
-0.998764703534
-0.998219213773
-0.997781872222
-0.996683458165
-0.996656270802
-0.994815158203
-0.992744834879
-0.990611355906
-0.990367072973
iteration # 51
-0.999987308235
-0.998764703534
-0.998219213773
-0.997781872222
-0.996683458165
-0.996656270802
-0.994815158203
-0.992744834879
-0.990611355906
-0.990367072973
iteration # 52
-0.999987308235
-0.998764703534
-0.998219213773
-0.997781872222
-0.996683458165
-0.996656270802
-0.994815158203
-0.992744834879
-0.990611355906
-0.990367072973
iteration # 53
-0.999987308235
-0.998764703534
-0.998219213773
-0.997781872222
-0.996683458165
-0.996656270802
-0.994815158203
-0.992744834879
-0.990611355906
-0.990367072973
iteration # 54
-0.999987308235
-0.998764703534
-0.998219213773
-0.997781872222
-0.996683458165
-0.996656270802
-0.994815158203
-0.994452728631
-0.992744834879
-0.990611355906
iteration # 55
-0.999987308235
-0.998764703534
-0.998219213773
-0.997781872222
-0.996683458165
-0.996656270802
-0.994815158203
-0.994452728631
-0.992744834879
-0.990611355906
iteration # 56
-0.999987308235
-0.998764703534
-0.998219213773
-0.997781872222
-0.996683458165
-0.996656270802
-0.994815158203
-0.994452728631
-0.992744834879
-0.990611355906
iteration # 57
-0.999987308235
-0.998764703534
-0.998219213773
-0.997781872222
-0.996683458165
-0.996656270802
-0.994815158203
-0.994452728631
-0.992744834879
-0.990611355906
iteration # 58
-0.999987308235
-0.998764703534
-0.998219213773
-0.997781872222
-0.996683458165
-0.996656270802
-0.994815158203
-0.994452728631
-0.992744834879
-0.990611355906
iteration # 59
-0.999987308235
-0.998764703534
-0.998219213773
-0.997781872222
-0.996683458165
-0.996656270802
-0.994815158203
-0.994452728631
-0.992744834879
-0.990611355906
iteration # 60
-0.999987308235
-0.998764703534
-0.998219213773
-0.997781872222
-0.996683458165
-0.996656270802
-0.994815158203
-0.994452728631
-0.992744834879
-0.990611355906
iteration # 61
-0.999987308235
-0.998764703534
-0.998219213773
-0.997781872222
-0.996683458165
-0.996656270802
-0.994815158203
-0.994452728631
-0.992744834879
-0.990611355906
iteration # 62
-0.999987308235
-0.998764703534
-0.998219213773
-0.997781872222
-0.996683458165
-0.996656270802
-0.994815158203
-0.994452728631
-0.992744834879
-0.990611355906
iteration # 63
-0.999987308235
-0.998764703534
-0.998219213773
-0.997781872222
-0.996683458165
-0.996656270802
-0.994815158203
-0.994452728631
-0.992744834879
-0.990611355906
iteration # 64
-0.999987308235
-0.998764703534
-0.998219213773
-0.997781872222
-0.996683458165
-0.996656270802
-0.994815158203
-0.994452728631
-0.992744834879
-0.990611355906
iteration # 65
-0.999987308235
-0.998764703534
-0.998219213773
-0.997781872222
-0.996683458165
-0.996656270802
-0.994815158203
-0.994452728631
-0.993198458626
-0.992744834879
iteration # 66
-0.999987308235
-0.998764703534
-0.998219213773
-0.997781872222
-0.996683458165
-0.996656270802
-0.994815158203
-0.994452728631
-0.993198458626
-0.992744834879
iteration # 67
-0.999987308235
-0.998764703534
-0.998219213773
-0.997781872222
-0.996683458165
-0.996656270802
-0.994815158203
-0.994452728631
-0.993198458626
-0.992744834879
iteration # 68
-0.999987308235
-0.998764703534
-0.998219213773
-0.997781872222
-0.996683458165
-0.996656270802
-0.994815158203
-0.994452728631
-0.993198458626
-0.992744834879
iteration # 69
-0.999987308235
-0.998764703534
-0.998219213773
-0.997781872222
-0.996683458165
-0.996656270802
-0.994815158203
-0.994452728631
-0.993198458626
-0.992744834879
iteration # 70
-0.999987308235
-0.998764703534
-0.998219213773
-0.997781872222
-0.996683458165
-0.996656270802
-0.994815158203
-0.994452728631
-0.993198458626
-0.992744834879
iteration # 71
-0.999987308235
-0.998764703534
-0.998219213773
-0.997781872222
-0.996683458165
-0.996656270802
-0.994815158203
-0.994452728631
-0.993198458626
-0.992744834879
iteration # 72
-0.999987308235
-0.998764703534
-0.998219213773
-0.997781872222
-0.996683458165
-0.996656270802
-0.994815158203
-0.994452728631
-0.993198458626
-0.992744834879
iteration # 73
-0.999987308235
-0.998764703534
-0.998219213773
-0.997781872222
-0.996683458165
-0.996656270802
-0.994815158203
-0.994452728631
-0.993198458626
-0.992744834879
iteration # 74
-0.999987308235
-0.998764703534
-0.998219213773
-0.997781872222
-0.996683458165
-0.996656270802
-0.994815158203
-0.994452728631
-0.993198458626
-0.992744834879
iteration # 75
-0.999987308235
-0.998764703534
-0.998219213773
-0.997781872222
-0.996683458165
-0.996656270802
-0.994815158203
-0.994452728631
-0.993198458626
-0.992744834879
iteration # 76
-0.999987308235
-0.998764703534
-0.998219213773
-0.997781872222
-0.996683458165
-0.996656270802
-0.994815158203
-0.994452728631
-0.993198458626
-0.992744834879
iteration # 77
-0.999987308235
-0.998764703534
-0.998219213773
-0.997781872222
-0.996683458165
-0.996656270802
-0.994815158203
-0.994452728631
-0.993198458626
-0.992744834879
iteration # 78
-0.999987308235
-0.998764703534
-0.998219213773
-0.997781872222
-0.996683458165
-0.996656270802
-0.994815158203
-0.994452728631
-0.993198458626
-0.992744834879
iteration # 79
-0.999987308235
-0.998764703534
-0.998219213773
-0.997781872222
-0.996683458165
-0.996656270802
-0.994815158203
-0.994452728631
-0.993198458626
-0.992744834879
iteration # 80
-0.999987308235
-0.998764703534
-0.998219213773
-0.997781872222
-0.996683458165
-0.996656270802
-0.994815158203
-0.994452728631
-0.993198458626
-0.992744834879
iteration # 81
-0.999987308235
-0.998764703534
-0.998219213773
-0.997781872222
-0.996683458165
-0.996656270802
-0.994815158203
-0.994452728631
-0.993198458626
-0.992744834879
iteration # 82
-0.999987308235
-0.998764703534
-0.998219213773
-0.997781872222
-0.996683458165
-0.996656270802
-0.994815158203
-0.994452728631
-0.993198458626
-0.992744834879
iteration # 83
-0.999987308235
-0.998764703534
-0.998219213773
-0.997781872222
-0.996683458165
-0.996656270802
-0.994815158203
-0.994452728631
-0.993842574295
-0.993198458626
iteration # 84
-0.999987308235
-0.998764703534
-0.998219213773
-0.997781872222
-0.996683458165
-0.996656270802
-0.994815158203
-0.994452728631
-0.993842574295
-0.993198458626
iteration # 85
-0.999987308235
-0.998764703534
-0.998219213773
-0.997781872222
-0.996683458165
-0.996656270802
-0.994815158203
-0.994452728631
-0.993842574295
-0.993198458626
iteration # 86
-0.999987308235
-0.998764703534
-0.998219213773
-0.997781872222
-0.996683458165
-0.996656270802
-0.994815158203
-0.994452728631
-0.993842574295
-0.993198458626
iteration # 87
-0.999987308235
-0.998764703534
-0.998219213773
-0.997781872222
-0.996683458165
-0.996656270802
-0.994815158203
-0.994452728631
-0.993842574295
-0.993198458626
iteration # 88
-0.999987308235
-0.998764703534
-0.998219213773
-0.997781872222
-0.996683458165
-0.996656270802
-0.994815158203
-0.994452728631
-0.993842574295
-0.993198458626
iteration # 89
-0.999987308235
-0.998764703534
-0.998219213773
-0.997781872222
-0.996683458165
-0.996656270802
-0.994815158203
-0.994452728631
-0.993842574295
-0.993198458626
iteration # 90
-0.999987308235
-0.998764703534
-0.998219213773
-0.997781872222
-0.996683458165
-0.996656270802
-0.994815158203
-0.994452728631
-0.993842574295
-0.993198458626
iteration # 91
-0.999987308235
-0.998764703534
-0.998219213773
-0.997781872222
-0.996683458165
-0.996656270802
-0.994815158203
-0.994452728631
-0.993842574295
-0.993198458626
iteration # 92
-0.999987308235
-0.998764703534
-0.998219213773
-0.997781872222
-0.996683458165
-0.996656270802
-0.994815158203
-0.994452728631
-0.993842574295
-0.993198458626
iteration # 93
-0.999987308235
-0.998764703534
-0.998219213773
-0.997781872222
-0.996683458165
-0.996656270802
-0.994815158203
-0.994452728631
-0.993842574295
-0.993198458626
iteration # 94
-0.999987308235
-0.998764703534
-0.998219213773
-0.997781872222
-0.996683458165
-0.996656270802
-0.994815158203
-0.994452728631
-0.993842574295
-0.993198458626
iteration # 95
-0.999987308235
-0.998764703534
-0.998664103013
-0.998219213773
-0.997781872222
-0.996683458165
-0.996656270802
-0.994815158203
-0.994452728631
-0.993842574295
iteration # 96
-0.999987308235
-0.998764703534
-0.998664103013
-0.998219213773
-0.997781872222
-0.996683458165
-0.996656270802
-0.994815158203
-0.994452728631
-0.993842574295
iteration # 97
-0.999987308235
-0.998764703534
-0.998664103013
-0.998219213773
-0.997781872222
-0.996683458165
-0.996656270802
-0.994815158203
-0.994452728631
-0.993842574295
iteration # 98
-0.999987308235
-0.998764703534
-0.998664103013
-0.998219213773
-0.997781872222
-0.996683458165
-0.996656270802
-0.994815158203
-0.994452728631
-0.993842574295
iteration # 99
-0.999987308235
-0.998764703534
-0.998664103013
-0.998219213773
-0.997781872222
-0.996683458165
-0.996656270802
-0.994815158203
-0.994452728631
-0.993842574295
iteration # 100
-0.999987308235
-0.998764703534
-0.998664103013
-0.998219213773
-0.997781872222
-0.996683458165
-0.996656270802
-0.994815158203
-0.994452728631
-0.993842574295
iteration # 101
-0.999987308235
-0.998764703534
-0.998664103013
-0.998219213773
-0.997781872222
-0.996683458165
-0.996656270802
-0.994815158203
-0.994452728631
-0.993842574295
iteration # 102
-0.999987308235
-0.998764703534
-0.998664103013
-0.998219213773
-0.997781872222
-0.996683458165
-0.996656270802
-0.994815158203
-0.994452728631
-0.993842574295
iteration # 103
-0.999987308235
-0.998764703534
-0.998664103013
-0.998219213773
-0.997781872222
-0.996683458165
-0.996656270802
-0.994815158203
-0.994452728631
-0.993842574295
iteration # 104
-0.999987308235
-0.998764703534
-0.998664103013
-0.998219213773
-0.997781872222
-0.996683458165
-0.996656270802
-0.994815158203
-0.994452728631
-0.993842574295
iteration # 105
-0.999987308235
-0.998764703534
-0.998664103013
-0.998219213773
-0.997781872222
-0.996683458165
-0.996656270802
-0.994815158203
-0.994452728631
-0.993842574295
iteration # 106
-0.999987308235
-0.998764703534
-0.998664103013
-0.998219213773
-0.997781872222
-0.996683458165
-0.996656270802
-0.994815158203
-0.994452728631
-0.993842574295
iteration # 107
-0.999987308235
-0.998764703534
-0.998664103013
-0.998219213773
-0.997781872222
-0.996683458165
-0.996656270802
-0.994815158203
-0.994452728631
-0.993842574295
iteration # 108
-0.999987308235
-0.998764703534
-0.998664103013
-0.998219213773
-0.997781872222
-0.996683458165
-0.996656270802
-0.994815158203
-0.994452728631
-0.994102696442
iteration # 109
-0.999987308235
-0.998764703534
-0.998664103013
-0.998219213773
-0.997781872222
-0.996683458165
-0.996656270802
-0.994815158203
-0.994452728631
-0.994102696442
iteration # 110
-0.999987308235
-0.998764703534
-0.998664103013
-0.998219213773
-0.997781872222
-0.996683458165
-0.996656270802
-0.994815158203
-0.994452728631
-0.994102696442
iteration # 111
-0.999987308235
-0.998764703534
-0.998664103013
-0.998219213773
-0.997781872222
-0.996683458165
-0.996656270802
-0.994815158203
-0.994452728631
-0.994102696442
iteration # 112
-0.999987308235
-0.998764703534
-0.998664103013
-0.998219213773
-0.997781872222
-0.996683458165
-0.996656270802
-0.994815158203
-0.994452728631
-0.994102696442
iteration # 113
-0.999987308235
-0.998764703534
-0.998664103013
-0.998219213773
-0.997781872222
-0.996683458165
-0.996656270802
-0.994815158203
-0.994452728631
-0.994102696442
iteration # 114
-0.999987308235
-0.998764703534
-0.998664103013
-0.998219213773
-0.997781872222
-0.996683458165
-0.996656270802
-0.994815158203
-0.994452728631
-0.994102696442
iteration # 115
-0.999987308235
-0.998764703534
-0.998664103013
-0.998219213773
-0.997781872222
-0.996683458165
-0.996656270802
-0.994815158203
-0.994452728631
-0.994102696442
iteration # 116
-0.999987308235
-0.998764703534
-0.998664103013
-0.998219213773
-0.997781872222
-0.996683458165
-0.996656270802
-0.994815158203
-0.994452728631
-0.994102696442
iteration # 117
-0.999987308235
-0.998764703534
-0.998664103013
-0.998219213773
-0.997781872222
-0.996683458165
-0.996656270802
-0.994815158203
-0.994452728631
-0.994102696442
iteration # 118
-0.999987308235
-0.998764703534
-0.998664103013
-0.998219213773
-0.997781872222
-0.996683458165
-0.996656270802
-0.994815158203
-0.994452728631
-0.994102696442
iteration # 119
-0.999987308235
-0.998764703534
-0.998664103013
-0.998219213773
-0.997781872222
-0.996683458165
-0.996656270802
-0.994815158203
-0.994452728631
-0.994102696442
iteration # 120
-0.999987308235
-0.998764703534
-0.998664103013
-0.998219213773
-0.997781872222
-0.996683458165
-0.996656270802
-0.994815158203
-0.994452728631
-0.994102696442
iteration # 121
-0.999987308235
-0.998764703534
-0.998664103013
-0.998219213773
-0.997781872222
-0.996683458165
-0.996656270802
-0.994815158203
-0.994452728631
-0.994102696442
iteration # 122
-0.999987308235
-0.998764703534
-0.998664103013
-0.998219213773
-0.997781872222
-0.996683458165
-0.996656270802
-0.994815158203
-0.994452728631
-0.994102696442
iteration # 123
-0.999987308235
-0.998764703534
-0.998664103013
-0.998219213773
-0.997781872222
-0.996683458165
-0.996656270802
-0.994815158203
-0.994452728631
-0.994102696442
iteration # 124
-0.999987308235
-0.998764703534
-0.998664103013
-0.998219213773
-0.997781872222
-0.996683458165
-0.996656270802
-0.994815158203
-0.994452728631
-0.994102696442
iteration # 125
-0.999987308235
-0.998764703534
-0.998664103013
-0.998219213773
-0.997781872222
-0.996683458165
-0.996656270802
-0.994815158203
-0.994452728631
-0.994102696442
iteration # 126
-0.999987308235
-0.998764703534
-0.998664103013
-0.998219213773
-0.997781872222
-0.996683458165
-0.996656270802
-0.994815158203
-0.994452728631
-0.994102696442
iteration # 127
-0.999987308235
-0.998764703534
-0.998664103013
-0.998219213773
-0.997781872222
-0.996683458165
-0.996656270802
-0.994815158203
-0.994452728631
-0.994102696442
iteration # 128
-0.999987308235
-0.998764703534
-0.998664103013
-0.998219213773
-0.997781872222
-0.996683458165
-0.996656270802
-0.994815158203
-0.994452728631
-0.994102696442
iteration # 129
-0.999987308235
-0.998764703534
-0.998664103013
-0.998219213773
-0.997781872222
-0.996683458165
-0.996656270802
-0.994815158203
-0.994452728631
-0.994102696442
iteration # 130
-0.999987308235
-0.998764703534
-0.998664103013
-0.998219213773
-0.997781872222
-0.996683458165
-0.996656270802
-0.994815158203
-0.994452728631
-0.994102696442
iteration # 131
-0.999987308235
-0.998764703534
-0.998664103013
-0.998219213773
-0.997781872222
-0.996683458165
-0.996656270802
-0.994815158203
-0.994452728631
-0.994102696442
iteration # 132
-0.999987308235
-0.998764703534
-0.998664103013
-0.998219213773
-0.997781872222
-0.996683458165
-0.996656270802
-0.994815158203
-0.994452728631
-0.994102696442
iteration # 133
-0.999987308235
-0.998764703534
-0.998664103013
-0.998219213773
-0.997781872222
-0.996683458165
-0.996656270802
-0.994815158203
-0.994452728631
-0.994102696442
iteration # 134
-0.999987308235
-0.998764703534
-0.998664103013
-0.998219213773
-0.997781872222
-0.996683458165
-0.996656270802
-0.994815158203
-0.994452728631
-0.994102696442
iteration # 135
-0.999987308235
-0.998764703534
-0.998664103013
-0.998219213773
-0.997781872222
-0.996683458165
-0.996656270802
-0.994815158203
-0.994452728631
-0.994102696442
iteration # 136
-0.999987308235
-0.998764703534
-0.998664103013
-0.998219213773
-0.997781872222
-0.996683458165
-0.996656270802
-0.994815158203
-0.994452728631
-0.994102696442
iteration # 137
-0.999987308235
-0.998764703534
-0.998664103013
-0.998219213773
-0.997781872222
-0.996683458165
-0.996656270802
-0.994815158203
-0.994452728631
-0.994102696442
iteration # 138
-0.999987308235
-0.998764703534
-0.998664103013
-0.998219213773
-0.997781872222
-0.996683458165
-0.996656270802
-0.994815158203
-0.994452728631
-0.994102696442
iteration # 139
-0.999987308235
-0.998764703534
-0.998664103013
-0.998219213773
-0.997781872222
-0.996683458165
-0.996656270802
-0.994815158203
-0.994452728631
-0.994102696442
iteration # 140
-0.999987308235
-0.998764703534
-0.998664103013
-0.998219213773
-0.997781872222
-0.996683458165
-0.996656270802
-0.994815158203
-0.994452728631
-0.994102696442
iteration # 141
-0.999987308235
-0.998764703534
-0.998664103013
-0.998219213773
-0.997781872222
-0.996683458165
-0.996656270802
-0.994815158203
-0.994452728631
-0.994102696442
iteration # 142
-0.999987308235
-0.998764703534
-0.998664103013
-0.998219213773
-0.997781872222
-0.996683458165
-0.996656270802
-0.994815158203
-0.994452728631
-0.994102696442
iteration # 143
-0.999987308235
-0.998764703534
-0.998664103013
-0.998219213773
-0.997781872222
-0.996683458165
-0.996656270802
-0.994815158203
-0.994452728631
-0.994102696442
iteration # 144
-0.999987308235
-0.998764703534
-0.998664103013
-0.998219213773
-0.997781872222
-0.996683458165
-0.996656270802
-0.994815158203
-0.994452728631
-0.994102696442
iteration # 145
-0.999987308235
-0.998764703534
-0.998664103013
-0.998219213773
-0.997781872222
-0.996683458165
-0.996656270802
-0.994815158203
-0.994452728631
-0.994102696442
iteration # 146
-0.999987308235
-0.998764703534
-0.998664103013
-0.998219213773
-0.997781872222
-0.996683458165
-0.996656270802
-0.994815158203
-0.994452728631
-0.994102696442
iteration # 147
-0.999987308235
-0.998764703534
-0.998664103013
-0.998219213773
-0.997781872222
-0.996683458165
-0.996656270802
-0.994815158203
-0.994452728631
-0.994102696442
iteration # 148
-0.999987308235
-0.998764703534
-0.998664103013
-0.998219213773
-0.997781872222
-0.996683458165
-0.996656270802
-0.995066195331
-0.994815158203
-0.994452728631
iteration # 149
-0.999987308235
-0.998764703534
-0.998664103013
-0.998219213773
-0.997781872222
-0.996683458165
-0.996656270802
-0.995066195331
-0.994815158203
-0.994452728631
iteration # 150
-0.999987308235
-0.998764703534
-0.998664103013
-0.998219213773
-0.997781872222
-0.996683458165
-0.996656270802
-0.995066195331
-0.994815158203
-0.994452728631
iteration # 151
-0.999987308235
-0.998764703534
-0.998664103013
-0.998219213773
-0.997781872222
-0.996683458165
-0.996656270802
-0.995066195331
-0.994815158203
-0.994452728631
iteration # 152
-0.999987308235
-0.998764703534
-0.998664103013
-0.998219213773
-0.997781872222
-0.996683458165
-0.996656270802
-0.995066195331
-0.994815158203
-0.994452728631
iteration # 153
-0.999987308235
-0.998764703534
-0.998664103013
-0.998219213773
-0.997781872222
-0.996683458165
-0.996656270802
-0.995066195331
-0.994815158203
-0.994452728631
iteration # 154
-0.999987308235
-0.998764703534
-0.998664103013
-0.998219213773
-0.997781872222
-0.996683458165
-0.996656270802
-0.995066195331
-0.994815158203
-0.994452728631
iteration # 155
-0.999987308235
-0.998764703534
-0.998664103013
-0.998219213773
-0.997781872222
-0.996683458165
-0.996656270802
-0.995066195331
-0.994815158203
-0.994452728631
iteration # 156
-0.999987308235
-0.998764703534
-0.998664103013
-0.998219213773
-0.997781872222
-0.996683458165
-0.996656270802
-0.995370394711
-0.995066195331
-0.994815158203
iteration # 157
-0.999987308235
-0.998764703534
-0.998664103013
-0.998219213773
-0.997781872222
-0.996683458165
-0.996656270802
-0.995370394711
-0.995066195331
-0.994815158203
iteration # 158
-0.999987308235
-0.998764703534
-0.998664103013
-0.998219213773
-0.997781872222
-0.996683458165
-0.996656270802
-0.995370394711
-0.995066195331
-0.994815158203
iteration # 159
-0.999987308235
-0.998764703534
-0.998664103013
-0.998219213773
-0.997781872222
-0.996683458165
-0.996656270802
-0.995370394711
-0.995066195331
-0.994815158203
iteration # 160
-0.999987308235
-0.998764703534
-0.998664103013
-0.998219213773
-0.997781872222
-0.996683458165
-0.996656270802
-0.995370394711
-0.995066195331
-0.994815158203
iteration # 161
-0.999987308235
-0.998764703534
-0.998664103013
-0.998219213773
-0.997781872222
-0.996683458165
-0.996656270802
-0.995370394711
-0.995066195331
-0.994815158203
iteration # 162
-0.999987308235
-0.998764703534
-0.998664103013
-0.998219213773
-0.997781872222
-0.996683458165
-0.996656270802
-0.995370394711
-0.995066195331
-0.994815158203
iteration # 163
-0.999987308235
-0.998764703534
-0.998664103013
-0.998219213773
-0.997781872222
-0.996683458165
-0.996656270802
-0.995370394711
-0.995066195331
-0.994815158203
iteration # 164
-0.999987308235
-0.998764703534
-0.998664103013
-0.998219213773
-0.997781872222
-0.996683458165
-0.996656270802
-0.995370394711
-0.995066195331
-0.994815158203
iteration # 165
-0.999987308235
-0.998764703534
-0.998664103013
-0.998219213773
-0.997781872222
-0.996683458165
-0.996656270802
-0.995370394711
-0.995066195331
-0.994815158203
iteration # 166
-0.999987308235
-0.998764703534
-0.998664103013
-0.998219213773
-0.997781872222
-0.996683458165
-0.996656270802
-0.995370394711
-0.995066195331
-0.994815158203
iteration # 167
-0.999987308235
-0.998764703534
-0.998664103013
-0.998219213773
-0.997781872222
-0.996683458165
-0.996656270802
-0.99589054759
-0.995370394711
-0.995066195331
iteration # 168
-0.999987308235
-0.998764703534
-0.998664103013
-0.998219213773
-0.997781872222
-0.996683458165
-0.996656270802
-0.99589054759
-0.995370394711
-0.995066195331
iteration # 169
-0.999987308235
-0.998764703534
-0.998664103013
-0.998219213773
-0.997781872222
-0.996683458165
-0.996656270802
-0.99589054759
-0.995370394711
-0.995066195331
iteration # 170
-0.999987308235
-0.998764703534
-0.998664103013
-0.998219213773
-0.997781872222
-0.996683458165
-0.996656270802
-0.99589054759
-0.995370394711
-0.995066195331
iteration # 171
-0.999987308235
-0.998764703534
-0.998664103013
-0.998219213773
-0.997781872222
-0.996683458165
-0.996656270802
-0.99589054759
-0.995370394711
-0.995066195331
iteration # 172
-0.999987308235
-0.999217136531
-0.998764703534
-0.998664103013
-0.998219213773
-0.997781872222
-0.996683458165
-0.996656270802
-0.99589054759
-0.995370394711
iteration # 173
-0.999987308235
-0.999217136531
-0.998764703534
-0.998664103013
-0.998219213773
-0.997781872222
-0.996683458165
-0.996656270802
-0.99589054759
-0.995370394711
iteration # 174
-0.999987308235
-0.999217136531
-0.998764703534
-0.998664103013
-0.998219213773
-0.997781872222
-0.996683458165
-0.996656270802
-0.99589054759
-0.995370394711
iteration # 175
-0.999987308235
-0.999217136531
-0.998764703534
-0.998664103013
-0.998219213773
-0.997781872222
-0.996683458165
-0.996656270802
-0.99589054759
-0.995370394711
iteration # 176
-0.999987308235
-0.999217136531
-0.998764703534
-0.998664103013
-0.998219213773
-0.997781872222
-0.996683458165
-0.996656270802
-0.99589054759
-0.995370394711
iteration # 177
-0.999987308235
-0.999217136531
-0.998764703534
-0.998664103013
-0.998219213773
-0.997781872222
-0.996683458165
-0.996656270802
-0.99589054759
-0.995370394711
iteration # 178
-0.999987308235
-0.999217136531
-0.998764703534
-0.998664103013
-0.998219213773
-0.997781872222
-0.996683458165
-0.996656270802
-0.99589054759
-0.995370394711
iteration # 179
-0.999987308235
-0.999217136531
-0.998764703534
-0.998664103013
-0.998219213773
-0.997781872222
-0.996683458165
-0.996656270802
-0.99589054759
-0.995370394711
iteration # 180
-0.999987308235
-0.999217136531
-0.998764703534
-0.998664103013
-0.998219213773
-0.997781872222
-0.996683458165
-0.996656270802
-0.99589054759
-0.995370394711
iteration # 181
-0.999987308235
-0.999217136531
-0.998764703534
-0.998664103013
-0.998219213773
-0.997781872222
-0.996683458165
-0.996656270802
-0.99589054759
-0.995370394711
iteration # 182
-0.999987308235
-0.999217136531
-0.998764703534
-0.998664103013
-0.998219213773
-0.997781872222
-0.996683458165
-0.996656270802
-0.99589054759
-0.995370394711
iteration # 183
-0.999987308235
-0.999217136531
-0.998764703534
-0.998664103013
-0.998219213773
-0.997781872222
-0.996683458165
-0.996656270802
-0.99589054759
-0.995370394711
iteration # 184
-0.999987308235
-0.999217136531
-0.998764703534
-0.998664103013
-0.998219213773
-0.997781872222
-0.996683458165
-0.996656270802
-0.99589054759
-0.995370394711
iteration # 185
-0.999987308235
-0.999217136531
-0.998764703534
-0.998664103013
-0.998219213773
-0.997781872222
-0.996683458165
-0.996656270802
-0.99589054759
-0.995370394711
iteration # 186
-0.999987308235
-0.999217136531
-0.998764703534
-0.998664103013
-0.998219213773
-0.997781872222
-0.996683458165
-0.996656270802
-0.99589054759
-0.995370394711
iteration # 187
-0.999987308235
-0.999217136531
-0.998764703534
-0.998664103013
-0.998219213773
-0.997781872222
-0.996683458165
-0.996656270802
-0.99589054759
-0.995370394711
iteration # 188
-0.999987308235
-0.999217136531
-0.998764703534
-0.998664103013
-0.998219213773
-0.997781872222
-0.996683458165
-0.996656270802
-0.99589054759
-0.995370394711
iteration # 189
-0.999987308235
-0.999217136531
-0.998764703534
-0.998664103013
-0.998219213773
-0.997781872222
-0.996683458165
-0.996656270802
-0.99589054759
-0.995370394711
iteration # 190
-0.999987308235
-0.999217136531
-0.998764703534
-0.998664103013
-0.998219213773
-0.997781872222
-0.996683458165
-0.996656270802
-0.99589054759
-0.995370394711
iteration # 191
-0.999987308235
-0.999217136531
-0.998764703534
-0.998664103013
-0.998219213773
-0.997781872222
-0.996683458165
-0.996656270802
-0.99589054759
-0.995370394711
iteration # 192
-0.999987308235
-0.999217136531
-0.998764703534
-0.998664103013
-0.998219213773
-0.997781872222
-0.996683458165
-0.996656270802
-0.99589054759
-0.995370394711
iteration # 193
-0.999987308235
-0.999529820428
-0.999217136531
-0.998764703534
-0.998664103013
-0.998219213773
-0.997781872222
-0.996683458165
-0.996656270802
-0.99589054759
iteration # 194
-0.999987308235
-0.999529820428
-0.999217136531
-0.998764703534
-0.998664103013
-0.998219213773
-0.997781872222
-0.996683458165
-0.996656270802
-0.99589054759
iteration # 195
-0.999987308235
-0.999529820428
-0.999217136531
-0.998764703534
-0.998664103013
-0.998219213773
-0.997781872222
-0.996683458165
-0.996656270802
-0.99589054759
iteration # 196
-0.999987308235
-0.999529820428
-0.999217136531
-0.998764703534
-0.998664103013
-0.998219213773
-0.997781872222
-0.996683458165
-0.996656270802
-0.99589054759
iteration # 197
-0.999987308235
-0.999529820428
-0.999217136531
-0.998764703534
-0.998664103013
-0.998219213773
-0.997781872222
-0.996683458165
-0.996656270802
-0.99589054759
iteration # 198
-0.999987308235
-0.999529820428
-0.999217136531
-0.998764703534
-0.998664103013
-0.998219213773
-0.997781872222
-0.996683458165
-0.996656270802
-0.99589054759
iteration # 199
-0.999987308235
-0.999529820428
-0.999217136531
-0.998764703534
-0.998664103013
-0.998219213773
-0.997781872222
-0.996683458165
-0.996656270802
-0.99589054759
iteration # 200
-0.999987308235
-0.999529820428
-0.999217136531
-0.998764703534
-0.998664103013
-0.998219213773
-0.997781872222
-0.996683458165
-0.996656270802
-0.99589054759
iteration # 201
-0.999987308235
-0.999529820428
-0.999217136531
-0.998764703534
-0.998664103013
-0.998219213773
-0.997781872222
-0.996683458165
-0.996656270802
-0.99589054759
iteration # 202
-0.999987308235
-0.999529820428
-0.999217136531
-0.998764703534
-0.998664103013
-0.998219213773
-0.997781872222
-0.996683458165
-0.996656270802
-0.99589054759
iteration # 203
-0.999987308235
-0.999529820428
-0.999217136531
-0.998764703534
-0.998664103013
-0.998219213773
-0.997781872222
-0.996683458165
-0.996656270802
-0.99589054759
iteration # 204
-0.999987308235
-0.999529820428
-0.999217136531
-0.998764703534
-0.998664103013
-0.998219213773
-0.997781872222
-0.996683458165
-0.996656270802
-0.99589054759
iteration # 205
-0.999987308235
-0.999529820428
-0.999217136531
-0.998764703534
-0.998664103013
-0.998219213773
-0.997781872222
-0.996683458165
-0.996656270802
-0.99589054759
iteration # 206
-0.999987308235
-0.999529820428
-0.999217136531
-0.998764703534
-0.998664103013
-0.998219213773
-0.997781872222
-0.996683458165
-0.996656270802
-0.99589054759
iteration # 207
-0.999987308235
-0.999529820428
-0.999217136531
-0.998764703534
-0.998664103013
-0.998219213773
-0.997781872222
-0.996683458165
-0.996656270802
-0.99589054759
iteration # 208
-0.999987308235
-0.999529820428
-0.999217136531
-0.998764703534
-0.998664103013
-0.998219213773
-0.997781872222
-0.996683458165
-0.996656270802
-0.99589054759
iteration # 209
-0.999987308235
-0.999529820428
-0.999217136531
-0.998764703534
-0.998664103013
-0.998219213773
-0.997781872222
-0.997104741108
-0.996683458165
-0.996656270802
iteration # 210
-0.999987308235
-0.999529820428
-0.999217136531
-0.998764703534
-0.998664103013
-0.998219213773
-0.997781872222
-0.997104741108
-0.996683458165
-0.996656270802
iteration # 211
-0.999987308235
-0.999529820428
-0.999217136531
-0.998764703534
-0.998664103013
-0.998219213773
-0.997781872222
-0.997104741108
-0.996683458165
-0.996656270802
iteration # 212
-0.999987308235
-0.999529820428
-0.999217136531
-0.998764703534
-0.998664103013
-0.998219213773
-0.997781872222
-0.997104741108
-0.996683458165
-0.996656270802
iteration # 213
-0.999987308235
-0.999529820428
-0.999217136531
-0.998764703534
-0.998664103013
-0.998219213773
-0.997781872222
-0.997104741108
-0.996683458165
-0.996656270802
iteration # 214
-0.999987308235
-0.999529820428
-0.999217136531
-0.998764703534
-0.998664103013
-0.998219213773
-0.997781872222
-0.997104741108
-0.996683458165
-0.996656270802
iteration # 215
-0.999987308235
-0.999529820428
-0.999217136531
-0.998764703534
-0.998664103013
-0.998630115568
-0.998219213773
-0.997781872222
-0.997104741108
-0.996683458165
iteration # 216
-0.999987308235
-0.999529820428
-0.999217136531
-0.998764703534
-0.998664103013
-0.998630115568
-0.998219213773
-0.997781872222
-0.997104741108
-0.996683458165
iteration # 217
-0.999987308235
-0.999529820428
-0.999217136531
-0.998764703534
-0.998664103013
-0.998630115568
-0.998219213773
-0.997781872222
-0.997104741108
-0.996683458165
iteration # 218
-0.999987308235
-0.999529820428
-0.999217136531
-0.998764703534
-0.998664103013
-0.998630115568
-0.998219213773
-0.997781872222
-0.997104741108
-0.996683458165
iteration # 219
-0.999987308235
-0.999529820428
-0.999217136531
-0.998764703534
-0.998664103013
-0.998630115568
-0.998219213773
-0.997781872222
-0.997104741108
-0.996683458165
iteration # 220
-0.999987308235
-0.999529820428
-0.999217136531
-0.998764703534
-0.998664103013
-0.998630115568
-0.998219213773
-0.997781872222
-0.997104741108
-0.996683458165
iteration # 221
-0.999987308235
-0.999529820428
-0.999217136531
-0.998764703534
-0.998664103013
-0.998630115568
-0.998219213773
-0.997781872222
-0.997104741108
-0.996683458165
iteration # 222
-0.999987308235
-0.999529820428
-0.999217136531
-0.998764703534
-0.998664103013
-0.998630115568
-0.998219213773
-0.997781872222
-0.997104741108
-0.996683458165
iteration # 223
-0.999987308235
-0.999529820428
-0.999217136531
-0.998764703534
-0.998664103013
-0.998630115568
-0.998219213773
-0.997781872222
-0.997104741108
-0.996683458165
iteration # 224
-0.999987308235
-0.999529820428
-0.999217136531
-0.998764703534
-0.998664103013
-0.998630115568
-0.998219213773
-0.997781872222
-0.997104741108
-0.996683458165
iteration # 225
-0.999987308235
-0.999529820428
-0.999217136531
-0.998764703534
-0.998664103013
-0.998630115568
-0.998219213773
-0.997781872222
-0.997104741108
-0.996683458165
iteration # 226
-0.999987308235
-0.999529820428
-0.999217136531
-0.998764703534
-0.998664103013
-0.998630115568
-0.998219213773
-0.997781872222
-0.997104741108
-0.996683458165
iteration # 227
-0.999987308235
-0.999529820428
-0.999217136531
-0.998764703534
-0.998664103013
-0.998630115568
-0.998219213773
-0.997781872222
-0.997104741108
-0.996683458165
iteration # 228
-0.999987308235
-0.999529820428
-0.999217136531
-0.998764703534
-0.998664103013
-0.998630115568
-0.998219213773
-0.997781872222
-0.997104741108
-0.996683458165
iteration # 229
-0.999987308235
-0.999529820428
-0.999217136531
-0.998764703534
-0.998664103013
-0.998630115568
-0.998219213773
-0.997781872222
-0.997104741108
-0.996683458165
iteration # 230
-0.999987308235
-0.999529820428
-0.999217136531
-0.998764703534
-0.998664103013
-0.998630115568
-0.998219213773
-0.997781872222
-0.997104741108
-0.996683458165
iteration # 231
-0.999987308235
-0.999529820428
-0.999217136531
-0.998764703534
-0.998664103013
-0.998630115568
-0.998219213773
-0.997781872222
-0.997104741108
-0.996683458165
iteration # 232
-0.999987308235
-0.999529820428
-0.999217136531
-0.998764703534
-0.998664103013
-0.998630115568
-0.998219213773
-0.997781872222
-0.997104741108
-0.996683458165
iteration # 233
-0.999987308235
-0.999529820428
-0.999217136531
-0.998764703534
-0.998664103013
-0.998630115568
-0.998219213773
-0.997781872222
-0.997104741108
-0.996683458165
iteration # 234
-0.999987308235
-0.999529820428
-0.999217136531
-0.998764703534
-0.998664103013
-0.998630115568
-0.998219213773
-0.997781872222
-0.997104741108
-0.996683458165
iteration # 235
-0.999987308235
-0.999529820428
-0.999217136531
-0.998764703534
-0.998664103013
-0.998630115568
-0.998219213773
-0.997781872222
-0.997104741108
-0.996683458165
iteration # 236
-0.999987308235
-0.999529820428
-0.999217136531
-0.998764703534
-0.998664103013
-0.998630115568
-0.998219213773
-0.997781872222
-0.997104741108
-0.996683458165
iteration # 237
-0.999987308235
-0.999529820428
-0.999217136531
-0.998764703534
-0.998664103013
-0.998630115568
-0.998219213773
-0.997781872222
-0.997104741108
-0.996683458165
iteration # 238
-0.999987308235
-0.999529820428
-0.999217136531
-0.998764703534
-0.998664103013
-0.998630115568
-0.998219213773
-0.997781872222
-0.997104741108
-0.996683458165
iteration # 239
-0.999987308235
-0.999529820428
-0.999217136531
-0.998764703534
-0.998664103013
-0.998630115568
-0.998219213773
-0.997781872222
-0.997104741108
-0.996683458165
iteration # 240
-0.999987308235
-0.999529820428
-0.999217136531
-0.998764703534
-0.998664103013
-0.998630115568
-0.998219213773
-0.997781872222
-0.997104741108
-0.996683458165
iteration # 241
-0.999987308235
-0.999529820428
-0.999217136531
-0.998764703534
-0.998664103013
-0.998630115568
-0.998219213773
-0.997968447374
-0.997781872222
-0.997104741108
iteration # 242
-0.999987308235
-0.999529820428
-0.999217136531
-0.998764703534
-0.998664103013
-0.998630115568
-0.998219213773
-0.997968447374
-0.997781872222
-0.997104741108
iteration # 243
-0.999987308235
-0.999529820428
-0.999217136531
-0.998764703534
-0.998664103013
-0.998630115568
-0.998219213773
-0.997968447374
-0.997781872222
-0.997104741108
iteration # 244
-0.999987308235
-0.999529820428
-0.999217136531
-0.998764703534
-0.998664103013
-0.998630115568
-0.998219213773
-0.997968447374
-0.997781872222
-0.997256108887
iteration # 245
-0.999987308235
-0.999529820428
-0.999217136531
-0.998764703534
-0.998664103013
-0.998630115568
-0.998219213773
-0.997968447374
-0.997781872222
-0.997256108887
iteration # 246
-0.999987308235
-0.999933574025
-0.999529820428
-0.999217136531
-0.998764703534
-0.998664103013
-0.998630115568
-0.998219213773
-0.997968447374
-0.997781872222
iteration # 247
-0.999987308235
-0.999933574025
-0.999529820428
-0.999217136531
-0.998764703534
-0.998664103013
-0.998630115568
-0.998219213773
-0.997968447374
-0.997781872222
iteration # 248
-0.999987308235
-0.999933574025
-0.999529820428
-0.999217136531
-0.998764703534
-0.998664103013
-0.998630115568
-0.998219213773
-0.997968447374
-0.997781872222
iteration # 249
-0.999987308235
-0.999933574025
-0.999529820428
-0.999217136531
-0.998764703534
-0.998664103013
-0.998630115568
-0.998219213773
-0.997968447374
-0.997781872222
Individuo 0
Xt :  [3.14152701490672, 3.144500731696205]
Stantard Deviation : [0.4278099879966436, 0.24035424413502718]
Fitness : -0.999987308235


Individuo 1
Xt :  [3.146710686145245, 3.1458460217637434]
Stantard Deviation : [0.31837013161729033, 0.33111517739304497]
Fitness : -0.999933574025


Individuo 2
Xt :  [3.1518943573839406, 3.1271913118314525]
Stantard Deviation : [0.03562865778748011, 0.13850975017973866]
Fitness : -0.999529820428


Individuo 3
Xt :  [3.1217719098915344, 3.152961118453036]
Stantard Deviation : [0.06790611622178383, 1.0347368278455467]
Fitness : -0.999217136531


Individuo 4
Xt :  [3.162016804876518, 3.121421505210039]
Stantard Deviation : [1.3241613921705666, 0.2704822274528695]
Fitness : -0.998764703534


Individuo 5
Xt :  [3.1117719098915346, 3.1429611184530364]
Stantard Deviation : [1.1976614076837964, 0.8221331794709983]
Fitness : -0.998664103013


Individuo 6
Xt :  [3.166527014906698, 3.124500731696184]
Stantard Deviation : [0.2945970278610827, 0.36309114322410213]
Fitness : -0.998630115568


Individuo 7
Xt :  [3.171527014906847, 3.124500731696333]
Stantard Deviation : [0.23963805665665566, 0.4670147839310255]
Fitness : -0.998219213773


Individuo 8
Xt :  [3.166527014906698, 3.114500731696184]
Stantard Deviation : [1.10280081177266, 0.8930601055075181]
Fitness : -0.997968447374


Individuo 9
Xt :  [3.161527014906634, 3.174500731696119]
Stantard Deviation : [0.08733845004115419, 0.17618034465309843]
Fitness : -0.997781872222


